TN:
SF:functions/api/unsplash-helpers.js
FN:14,validateQuery
FN:50,validatePagination
FN:84,sanitizeErrorMessage
FN:124,isAllowedOrigin
FN:148,getCorsHeaders
FNF:5
FNH:5
FNDA:39,validateQuery
FNDA:19,validatePagination
FNDA:16,sanitizeErrorMessage
FNDA:40,isAllowedOrigin
FNDA:13,getCorsHeaders
DA:16,39
DA:17,7
DA:21,32
DA:24,32
DA:25,3
DA:29,29
DA:30,29
DA:33,29
DA:36,29
DA:37,2
DA:40,27
DA:52,19
DA:53,19
DA:56,19
DA:57,16
DA:58,16
DA:59,4
DA:62,12
DA:66,15
DA:67,12
DA:68,12
DA:69,0
DA:72,12
DA:75,15
DA:85,16
DA:86,0
DA:89,16
DA:92,16
DA:94,16
DA:95,4
DA:99,12
DA:108,12
DA:109,32
DA:110,12
DA:114,0
DA:125,40
DA:128,38
DA:131,38
DA:133,38
DA:134,29
DA:138,9
DA:149,13
DA:151,13
DA:162,4
LF:44
LH:41
BRDA:16,0,0,7
BRDA:16,0,1,32
BRDA:16,1,0,39
BRDA:16,1,1,33
BRDA:24,2,0,3
BRDA:24,2,1,29
BRDA:36,3,0,2
BRDA:36,3,1,27
BRDA:56,4,0,16
BRDA:56,4,1,3
BRDA:56,5,0,19
BRDA:56,5,1,17
BRDA:58,6,0,4
BRDA:58,6,1,12
BRDA:58,7,0,16
BRDA:58,7,1,14
BRDA:66,8,0,12
BRDA:66,8,1,3
BRDA:66,9,0,15
BRDA:66,9,1,13
BRDA:68,10,0,0
BRDA:68,10,1,12
BRDA:68,11,0,12
BRDA:68,11,1,12
BRDA:85,12,0,0
BRDA:85,12,1,16
BRDA:94,13,0,4
BRDA:94,13,1,12
BRDA:109,14,0,12
BRDA:109,14,1,20
BRDA:125,15,0,2
BRDA:125,15,1,38
BRDA:133,16,0,29
BRDA:133,16,1,9
BRDA:152,17,0,10
BRDA:152,17,1,3
BRF:36
BRH:34
end_of_record
TN:
SF:functions/api/unsplash.js
FN:12,onRequest
FN:112,jsonResponse
FNF:2
FNH:0
FNDA:0,onRequest
FNDA:0,jsonResponse
DA:10,0
DA:13,0
DA:14,0
DA:17,0
DA:20,0
DA:21,0
DA:24,0
DA:25,0
DA:32,0
DA:33,0
DA:37,0
DA:38,0
DA:40,0
DA:41,0
DA:45,0
DA:46,0
DA:47,0
DA:49,0
DA:50,0
DA:54,0
DA:55,0
DA:56,0
DA:59,0
DA:60,0
DA:61,0
DA:65,0
DA:66,0
DA:67,0
DA:71,0
DA:72,0
DA:73,0
DA:74,0
DA:75,0
DA:76,0
DA:77,0
DA:79,0
DA:80,0
DA:87,0
DA:88,0
DA:91,0
DA:92,0
DA:96,0
DA:99,0
DA:100,0
DA:103,0
DA:105,0
DA:113,0
LF:47
LH:0
BRDA:17,0,0,0
BRDA:17,0,1,0
BRDA:20,1,0,0
BRDA:20,1,1,0
BRDA:24,2,0,0
BRDA:24,2,1,0
BRDA:32,3,0,0
BRDA:32,3,1,0
BRDA:40,4,0,0
BRDA:40,4,1,0
BRDA:49,5,0,0
BRDA:49,5,1,0
BRDA:56,6,0,0
BRDA:56,6,1,0
BRDA:60,7,0,0
BRDA:60,7,1,0
BRDA:60,8,0,0
BRDA:60,8,1,0
BRDA:66,9,0,0
BRDA:66,9,1,0
BRDA:76,10,0,0
BRDA:76,10,1,0
BRDA:77,11,0,0
BRDA:77,11,1,0
BRDA:87,12,0,0
BRDA:87,12,1,0
BRDA:91,13,0,0
BRDA:91,13,1,0
BRDA:96,14,0,0
BRDA:96,14,1,0
BRDA:103,15,0,0
BRDA:103,15,1,0
BRDA:103,16,0,0
BRDA:103,16,1,0
BRF:34
BRH:0
end_of_record
TN:
SF:src/data/projects.js
FNF:0
FNH:0
DA:4,2
LF:1
LH:1
BRF:0
BRH:0
end_of_record
TN:
SF:src/js/accordion.js
FN:1,(anonymous_0)
FN:2,initAccordions
FN:4,(anonymous_2)
FN:13,(anonymous_3)
FN:20,(anonymous_4)
FNF:5
FNH:0
FNDA:0,(anonymous_0)
FNDA:0,initAccordions
FNDA:0,(anonymous_2)
FNDA:0,(anonymous_3)
FNDA:0,(anonymous_4)
DA:1,0
DA:3,0
DA:4,0
DA:5,0
DA:6,0
DA:8,0
DA:9,0
DA:10,0
DA:11,0
DA:13,0
DA:14,0
DA:15,0
DA:16,0
DA:19,0
DA:20,0
DA:21,0
DA:22,0
DA:23,0
DA:29,0
DA:30,0
LF:20
LH:0
BRDA:6,0,0,0
BRDA:6,0,1,0
BRDA:6,1,0,0
BRDA:6,1,1,0
BRDA:10,2,0,0
BRDA:10,2,1,0
BRDA:16,3,0,0
BRDA:16,3,1,0
BRDA:21,4,0,0
BRDA:21,4,1,0
BRDA:21,5,0,0
BRDA:21,5,1,0
BRDA:29,6,0,0
BRDA:29,6,1,0
BRF:14
BRH:0
end_of_record
TN:
SF:src/js/orb-anim.js
FN:3,(anonymous_0)
FN:22,(anonymous_1)
FN:38,tick
FNF:3
FNH:0
FNDA:0,(anonymous_0)
FNDA:0,(anonymous_1)
FNDA:0,tick
DA:3,0
DA:4,0
DA:5,0
DA:7,0
DA:8,0
DA:11,0
DA:12,0
DA:13,0
DA:15,0
DA:16,0
DA:17,0
DA:19,0
DA:20,0
DA:22,0
DA:23,0
DA:24,0
DA:25,0
DA:26,0
DA:27,0
DA:37,0
DA:39,0
DA:40,0
DA:42,0
DA:43,0
DA:44,0
DA:45,0
DA:46,0
DA:47,0
DA:48,0
DA:49,0
DA:51,0
DA:52,0
DA:53,0
DA:54,0
DA:57,0
DA:60,0
LF:36
LH:0
BRDA:4,0,0,0
BRDA:4,0,1,0
BRDA:5,1,0,0
BRDA:5,1,1,0
BRDA:5,2,0,0
BRDA:5,2,1,0
BRDA:8,3,0,0
BRDA:8,3,1,0
BRDA:12,4,0,0
BRDA:12,4,1,0
BRDA:13,5,0,0
BRDA:13,5,1,0
BRDA:20,6,0,0
BRDA:20,6,1,0
BRDA:23,7,0,0
BRDA:23,7,1,0
BRDA:24,8,0,0
BRDA:24,8,1,0
BRDA:31,9,0,0
BRDA:31,9,1,0
BRF:20
BRH:0
end_of_record
TN:
SF:src/js/projects.js
FN:25,(anonymous_0)
FN:34,(anonymous_1)
FN:46,debounce
FN:48,(anonymous_3)
FN:50,(anonymous_4)
FN:54,initProjects
FN:81,updateFilterCountBadge
FN:96,renderActiveFilters
FN:112,(anonymous_8)
FN:123,(anonymous_9)
FN:140,onFiltersChanged
FN:166,toggleFilterPanel
FN:178,clearAllFilters
FN:187,(anonymous_13)
FN:207,(anonymous_14)
FN:217,(anonymous_15)
FN:224,(anonymous_16)
FN:229,(anonymous_17)
FN:236,(anonymous_18)
FN:238,(anonymous_19)
FN:239,(anonymous_20)
FN:246,(anonymous_21)
FNF:22
FNH:0
FNDA:0,(anonymous_0)
FNDA:0,(anonymous_1)
FNDA:0,debounce
FNDA:0,(anonymous_3)
FNDA:0,(anonymous_4)
FNDA:0,initProjects
FNDA:0,updateFilterCountBadge
FNDA:0,renderActiveFilters
FNDA:0,(anonymous_8)
FNDA:0,(anonymous_9)
FNDA:0,onFiltersChanged
FNDA:0,toggleFilterPanel
FNDA:0,clearAllFilters
FNDA:0,(anonymous_13)
FNDA:0,(anonymous_14)
FNDA:0,(anonymous_15)
FNDA:0,(anonymous_16)
FNDA:0,(anonymous_17)
FNDA:0,(anonymous_18)
FNDA:0,(anonymous_19)
FNDA:0,(anonymous_20)
FNDA:0,(anonymous_21)
DA:7,0
DA:22,0
DA:24,0
DA:26,0
DA:27,0
DA:28,0
DA:30,0
DA:31,0
DA:35,0
DA:36,0
DA:38,0
DA:48,0
DA:49,0
DA:50,0
DA:55,0
DA:56,0
DA:57,0
DA:58,0
DA:59,0
DA:60,0
DA:61,0
DA:62,0
DA:63,0
DA:64,0
DA:65,0
DA:66,0
DA:68,0
DA:69,0
DA:72,0
DA:73,0
DA:74,0
DA:76,0
DA:82,0
DA:83,0
DA:84,0
DA:85,0
DA:86,0
DA:88,0
DA:97,0
DA:98,0
DA:100,0
DA:101,0
DA:102,0
DA:106,0
DA:107,0
DA:108,0
DA:109,0
DA:112,0
DA:113,0
DA:114,0
DA:116,0
DA:122,0
DA:123,0
DA:124,0
DA:126,0
DA:127,0
DA:128,0
DA:129,0
DA:131,0
DA:133,0
DA:141,0
DA:142,0
DA:143,0
DA:145,0
DA:147,0
DA:149,0
DA:150,0
DA:151,0
DA:154,0
DA:155,0
DA:156,0
DA:159,0
DA:160,0
DA:167,0
DA:168,0
DA:169,0
DA:170,0
DA:171,0
DA:179,0
DA:182,0
DA:183,0
DA:187,0
DA:188,0
DA:189,0
DA:192,0
DA:196,0
DA:197,0
DA:200,0
DA:201,0
DA:205,0
DA:206,0
DA:207,0
DA:208,0
DA:209,0
DA:211,0
DA:215,0
DA:216,0
DA:217,0
DA:218,0
DA:219,0
DA:224,0
DA:225,0
DA:226,0
DA:229,0
DA:230,0
DA:231,0
DA:235,0
DA:237,0
DA:238,0
DA:239,0
DA:241,0
DA:242,0
DA:244,0
DA:247,0
DA:248,0
DA:253,0
DA:254,0
DA:256,0
LF:118
LH:0
BRDA:28,0,0,0
BRDA:28,0,1,0
BRDA:68,1,0,0
BRDA:68,1,1,0
BRDA:68,2,0,0
BRDA:68,2,1,0
BRDA:68,2,2,0
BRDA:68,2,3,0
BRDA:83,3,0,0
BRDA:83,3,1,0
BRDA:84,4,0,0
BRDA:84,4,1,0
BRDA:97,5,0,0
BRDA:97,5,1,0
BRDA:101,6,0,0
BRDA:101,6,1,0
BRDA:127,7,0,0
BRDA:127,7,1,0
BRDA:147,8,0,0
BRDA:147,8,1,0
BRDA:147,9,0,0
BRDA:147,9,1,0
BRDA:154,10,0,0
BRDA:154,10,1,0
BRDA:154,11,0,0
BRDA:154,11,1,0
BRDA:170,12,0,0
BRDA:170,12,1,0
BRDA:171,13,0,0
BRDA:171,13,1,0
BRDA:182,14,0,0
BRDA:182,14,1,0
BRDA:196,15,0,0
BRDA:196,15,1,0
BRDA:196,16,0,0
BRDA:196,16,1,0
BRDA:200,17,0,0
BRDA:200,17,1,0
BRDA:205,18,0,0
BRDA:205,18,1,0
BRDA:215,19,0,0
BRDA:215,19,1,0
BRDA:253,20,0,0
BRDA:253,20,1,0
BRF:44
BRH:0
end_of_record
TN:
SF:src/js/scripts.js
FN:8,(anonymous_0)
FN:9,runInitialisers
FN:14,(anonymous_2)
FNF:3
FNH:3
FNDA:2,(anonymous_0)
FNDA:2,runInitialisers
FNDA:5,(anonymous_2)
DA:8,2
DA:11,2
DA:13,2
DA:14,2
DA:15,5
DA:16,5
DA:17,5
DA:20,0
DA:25,2
DA:28,2
DA:31,2
DA:32,0
DA:34,2
LF:13
LH:11
BRDA:13,0,0,2
BRDA:13,0,1,0
BRDA:16,1,0,5
BRDA:16,1,1,0
BRDA:20,2,0,0
BRDA:20,2,1,0
BRDA:31,3,0,0
BRDA:31,3,1,2
BRF:8
BRH:3
end_of_record
TN:
SF:src/js/skills.js
FN:1,(anonymous_0)
FN:15,(anonymous_1)
FN:16,(anonymous_2)
FN:19,(anonymous_3)
FN:23,(anonymous_4)
FN:38,(anonymous_5)
FN:90,(anonymous_6)
FN:99,(anonymous_7)
FN:100,(anonymous_8)
FN:113,(anonymous_9)
FNF:10
FNH:0
FNDA:0,(anonymous_0)
FNDA:0,(anonymous_1)
FNDA:0,(anonymous_2)
FNDA:0,(anonymous_3)
FNDA:0,(anonymous_4)
FNDA:0,(anonymous_5)
FNDA:0,(anonymous_6)
FNDA:0,(anonymous_7)
FNDA:0,(anonymous_8)
FNDA:0,(anonymous_9)
DA:1,0
DA:2,0
DA:4,0
DA:14,0
DA:15,0
DA:18,0
DA:19,0
DA:20,0
DA:23,0
DA:26,0
DA:27,0
DA:28,0
DA:31,0
DA:32,0
DA:34,0
DA:35,0
DA:38,0
DA:40,0
DA:41,0
DA:43,0
DA:44,0
DA:45,0
DA:46,0
DA:47,0
DA:48,0
DA:49,0
DA:51,0
DA:52,0
DA:54,0
DA:55,0
DA:59,0
DA:60,0
DA:61,0
DA:62,0
DA:65,0
DA:68,0
DA:69,0
DA:71,0
DA:72,0
DA:73,0
DA:75,0
DA:78,0
DA:79,0
DA:83,0
DA:84,0
DA:87,0
DA:89,0
DA:90,0
DA:91,0
DA:92,0
DA:93,0
DA:95,0
DA:98,0
DA:100,0
DA:101,0
DA:102,0
DA:103,0
DA:104,0
DA:105,0
DA:106,0
DA:113,0
LF:61
LH:0
BRDA:2,0,0,0
BRDA:2,0,1,0
BRDA:20,1,0,0
BRDA:20,1,1,0
BRDA:27,2,0,0
BRDA:27,2,1,0
BRDA:34,3,0,0
BRDA:34,3,1,0
BRDA:40,4,0,0
BRDA:40,4,1,0
BRDA:44,5,0,0
BRDA:44,5,1,0
BRDA:48,6,0,0
BRDA:48,6,1,0
BRDA:51,7,0,0
BRDA:51,7,1,0
BRDA:54,8,0,0
BRDA:54,8,1,0
BRDA:59,9,0,0
BRDA:59,9,1,0
BRDA:65,10,0,0
BRDA:65,10,1,0
BRDA:68,11,0,0
BRDA:68,11,1,0
BRDA:71,12,0,0
BRDA:71,12,1,0
BRDA:83,13,0,0
BRDA:83,13,1,0
BRDA:87,14,0,0
BRDA:87,14,1,0
BRDA:89,15,0,0
BRDA:89,15,1,0
BRDA:89,16,0,0
BRDA:89,16,1,0
BRDA:91,17,0,0
BRDA:91,17,1,0
BRDA:101,18,0,0
BRDA:101,18,1,0
BRDA:103,19,0,0
BRDA:103,19,1,0
BRF:40
BRH:0
end_of_record
TN:
SF:src/js/components/boop.js
FN:1,(anonymous_0)
FN:2,armBoops
FN:3,(anonymous_2)
FN:4,(anonymous_3)
FN:13,(anonymous_4)
FNF:5
FNH:0
FNDA:0,(anonymous_0)
FNDA:0,armBoops
FNDA:0,(anonymous_2)
FNDA:0,(anonymous_3)
FNDA:0,(anonymous_4)
DA:1,0
DA:3,0
DA:4,0
DA:5,0
DA:7,0
DA:8,0
DA:11,0
DA:12,0
DA:13,0
DA:14,0
DA:19,0
DA:20,0
DA:22,0
LF:13
LH:0
BRDA:19,0,0,0
BRDA:19,0,1,0
BRF:2
BRH:0
end_of_record
TN:
SF:src/js/components/header.js
FN:3,(anonymous_0)
FN:18,(anonymous_1)
FN:30,(anonymous_2)
FN:91,(anonymous_3)
FN:111,(anonymous_4)
FN:122,initMenu
FN:130,(anonymous_6)
FN:154,(anonymous_7)
FN:179,(anonymous_8)
FN:193,(anonymous_9)
FN:204,(anonymous_10)
FN:209,(anonymous_11)
FN:219,(anonymous_12)
FN:227,(anonymous_13)
FN:228,(anonymous_14)
FN:235,(anonymous_15)
FN:236,(anonymous_16)
FN:248,(anonymous_17)
FNF:18
FNH:0
FNDA:0,(anonymous_0)
FNDA:0,(anonymous_1)
FNDA:0,(anonymous_2)
FNDA:0,(anonymous_3)
FNDA:0,(anonymous_4)
FNDA:0,initMenu
FNDA:0,(anonymous_6)
FNDA:0,(anonymous_7)
FNDA:0,(anonymous_8)
FNDA:0,(anonymous_9)
FNDA:0,(anonymous_10)
FNDA:0,(anonymous_11)
FNDA:0,(anonymous_12)
FNDA:0,(anonymous_13)
FNDA:0,(anonymous_14)
FNDA:0,(anonymous_15)
FNDA:0,(anonymous_16)
FNDA:0,(anonymous_17)
DA:1,0
DA:3,0
DA:4,0
DA:5,0
DA:6,0
DA:7,0
DA:9,0
DA:10,0
DA:13,0
DA:18,0
DA:19,0
DA:20,0
DA:24,0
DA:27,0
DA:28,0
DA:29,0
DA:30,0
DA:31,0
DA:32,0
DA:42,0
DA:43,0
DA:46,0
DA:48,0
DA:49,0
DA:51,0
DA:52,0
DA:55,0
DA:56,0
DA:57,0
DA:60,0
DA:62,0
DA:64,0
DA:65,0
DA:68,0
DA:69,0
DA:73,0
DA:77,0
DA:79,0
DA:81,0
DA:82,0
DA:83,0
DA:84,0
DA:91,0
DA:92,0
DA:93,0
DA:94,0
DA:95,0
DA:96,0
DA:97,0
DA:98,0
DA:100,0
DA:103,0
DA:105,0
DA:106,0
DA:107,0
DA:108,0
DA:111,0
DA:112,0
DA:113,0
DA:114,0
DA:116,0
DA:120,0
DA:124,0
DA:125,0
DA:126,0
DA:127,0
DA:130,0
DA:131,0
DA:132,0
DA:134,0
DA:135,0
DA:136,0
DA:137,0
DA:138,0
DA:139,0
DA:140,0
DA:141,0
DA:142,0
DA:143,0
DA:144,0
DA:145,0
DA:147,0
DA:149,0
DA:151,0
DA:154,0
DA:155,0
DA:157,0
DA:158,0
DA:160,0
DA:163,0
DA:166,0
DA:167,0
DA:168,0
DA:171,0
DA:173,0
DA:174,0
DA:176,0
DA:179,0
DA:180,0
DA:182,0
DA:186,0
DA:187,0
DA:188,0
DA:189,0
DA:191,0
DA:193,0
DA:195,0
DA:197,0
DA:198,0
DA:199,0
DA:200,0
DA:201,0
DA:204,0
DA:205,0
DA:206,0
DA:207,0
DA:209,0
DA:210,0
DA:211,0
DA:212,0
DA:213,0
DA:216,0
DA:219,0
DA:220,0
DA:221,0
DA:224,0
DA:226,0
DA:227,0
DA:228,0
DA:229,0
DA:235,0
DA:236,0
DA:237,0
DA:238,0
DA:239,0
DA:240,0
DA:241,0
DA:242,0
DA:248,0
DA:249,0
DA:250,0
LF:141
LH:0
BRDA:5,0,0,0
BRDA:5,0,1,0
BRDA:6,1,0,0
BRDA:6,1,1,0
BRDA:9,2,0,0
BRDA:9,2,1,0
BRDA:20,3,0,0
BRDA:20,3,1,0
BRDA:28,4,0,0
BRDA:28,4,1,0
BRDA:46,5,0,0
BRDA:46,5,1,0
BRDA:46,6,0,0
BRDA:46,6,1,0
BRDA:46,6,2,0
BRDA:49,7,0,0
BRDA:49,7,1,0
BRDA:52,8,0,0
BRDA:52,8,1,0
BRDA:57,9,0,0
BRDA:57,9,1,0
BRDA:62,10,0,0
BRDA:62,10,1,0
BRDA:83,11,0,0
BRDA:83,11,1,0
BRDA:83,12,0,0
BRDA:83,12,1,0
BRDA:112,13,0,0
BRDA:112,13,1,0
BRDA:134,14,0,0
BRDA:134,14,1,0
BRDA:134,15,0,0
BRDA:134,15,1,0
BRDA:134,15,2,0
BRDA:136,16,0,0
BRDA:136,16,1,0
BRDA:138,17,0,0
BRDA:138,17,1,0
BRDA:141,18,0,0
BRDA:141,18,1,0
BRDA:145,19,0,0
BRDA:145,19,1,0
BRDA:145,20,0,0
BRDA:145,20,1,0
BRDA:158,21,0,0
BRDA:158,21,1,0
BRDA:166,22,0,0
BRDA:166,22,1,0
BRDA:167,23,0,0
BRDA:167,23,1,0
BRDA:168,24,0,0
BRDA:168,24,1,0
BRDA:173,25,0,0
BRDA:173,25,1,0
BRDA:191,26,0,0
BRDA:191,26,1,0
BRDA:191,27,0,0
BRDA:191,27,1,0
BRDA:191,27,2,0
BRDA:210,28,0,0
BRDA:210,28,1,0
BRDA:220,29,0,0
BRDA:220,29,1,0
BRDA:238,30,0,0
BRDA:238,30,1,0
BRDA:240,31,0,0
BRDA:240,31,1,0
BRDA:249,32,0,0
BRDA:249,32,1,0
BRF:69
BRH:0
end_of_record
TN:
SF:src/js/components/ui-global.js
FNF:0
FNH:0
DA:7,0
DA:10,0
LF:2
LH:0
BRF:0
BRH:0
end_of_record
TN:
SF:src/js/components/ui.js
FN:4,slugify
FN:13,createButton
FN:39,createBadge
FN:48,(anonymous_3)
FN:90,transferDataset
FN:91,(anonymous_5)
FN:98,initComponents
FN:99,(anonymous_7)
FN:112,(anonymous_8)
FNF:9
FNH:4
FNDA:136,slugify
FNDA:81,createButton
FNDA:139,createBadge
FNDA:23,(anonymous_3)
FNDA:0,transferDataset
FNDA:0,(anonymous_5)
FNDA:0,initComponents
FNDA:0,(anonymous_7)
FNDA:0,(anonymous_8)
DA:1,4
DA:2,4
DA:5,136
DA:14,81
DA:15,81
DA:16,64
DA:18,17
DA:21,81
DA:22,80
DA:23,1
DA:24,1
DA:27,81
DA:28,70
DA:31,81
DA:32,1
DA:34,81
DA:40,139
DA:41,139
DA:43,139
DA:44,139
DA:45,22
DA:48,23
DA:52,139
DA:53,139
DA:55,139
DA:56,79
DA:57,0
DA:58,0
DA:59,0
DA:62,79
DA:65,79
DA:66,36
DA:68,43
DA:73,60
DA:74,59
DA:75,59
DA:79,139
DA:80,1
DA:83,139
DA:84,138
DA:87,139
DA:91,0
DA:92,0
DA:93,0
DA:99,0
DA:100,0
DA:107,0
DA:108,0
DA:109,0
DA:112,0
DA:113,0
DA:119,0
DA:120,0
DA:121,0
DA:126,4
DA:129,4
LF:56
LH:40
BRDA:4,0,0,0
BRDA:13,1,0,1
BRDA:13,2,0,17
BRDA:13,3,0,11
BRDA:13,4,0,80
BRDA:13,5,0,79
BRDA:13,6,0,79
BRDA:14,7,0,64
BRDA:14,7,1,17
BRDA:15,8,0,64
BRDA:15,8,1,17
BRDA:21,9,0,80
BRDA:21,9,1,1
BRDA:23,10,0,1
BRDA:23,10,1,0
BRDA:27,11,0,70
BRDA:27,11,1,11
BRDA:31,12,0,1
BRDA:31,12,1,80
BRDA:39,13,0,1
BRDA:39,14,0,117
BRDA:39,15,0,118
BRDA:41,16,0,139
BRDA:41,16,1,137
BRDA:41,17,0,136
BRDA:41,17,1,1
BRDA:44,18,0,22
BRDA:44,18,1,117
BRDA:53,19,0,139
BRDA:53,19,1,60
BRDA:55,20,0,79
BRDA:55,20,1,60
BRDA:56,21,0,0
BRDA:56,21,1,79
BRDA:65,22,0,36
BRDA:65,22,1,43
BRDA:65,23,0,79
BRDA:65,23,1,43
BRDA:73,24,0,59
BRDA:73,24,1,1
BRDA:79,25,0,1
BRDA:79,25,1,138
BRDA:83,26,0,138
BRDA:83,26,1,1
BRDA:92,27,0,0
BRDA:92,27,1,0
BRDA:103,28,0,0
BRDA:103,28,1,0
BRDA:104,29,0,0
BRDA:104,29,1,0
BRDA:114,30,0,0
BRDA:114,30,1,0
BRDA:114,30,2,0
BRDA:115,31,0,0
BRDA:115,31,1,0
BRDA:117,32,0,0
BRDA:117,32,1,0
BRF:57
BRH:41
end_of_record
TN:
SF:src/js/components/ui/badge.js
FN:8,slugify
FN:30,createBadge
FN:40,(anonymous_2)
FNF:3
FNH:0
FNDA:0,slugify
FNDA:0,createBadge
FNDA:0,(anonymous_2)
DA:9,0
DA:31,0
DA:32,0
DA:34,0
DA:36,0
DA:37,0
DA:40,0
DA:43,0
DA:44,0
DA:45,0
DA:48,0
DA:49,0
DA:52,0
DA:53,0
DA:56,0
LF:15
LH:0
BRDA:8,0,0,0
BRDA:30,1,0,0
BRDA:30,2,0,0
BRDA:30,3,0,0
BRDA:30,4,0,0
BRDA:32,5,0,0
BRDA:32,5,1,0
BRDA:32,6,0,0
BRDA:32,6,1,0
BRDA:36,7,0,0
BRDA:36,7,1,0
BRDA:43,8,0,0
BRDA:43,8,1,0
BRDA:48,9,0,0
BRDA:48,9,1,0
BRDA:52,10,0,0
BRDA:52,10,1,0
BRF:17
BRH:0
end_of_record
TN:
SF:src/js/components/ui/button.js
FN:19,createButton
FNF:1
FNH:0
FNDA:0,createButton
DA:20,0
DA:22,0
DA:23,0
DA:25,0
DA:28,0
DA:29,0
DA:30,0
DA:31,0
DA:34,0
DA:35,0
DA:38,0
DA:39,0
DA:42,0
LF:13
LH:0
BRDA:19,0,0,0
BRDA:19,1,0,0
BRDA:19,2,0,0
BRDA:19,3,0,0
BRDA:19,4,0,0
BRDA:19,5,0,0
BRDA:19,6,0,0
BRDA:20,7,0,0
BRDA:20,7,1,0
BRDA:22,8,0,0
BRDA:22,8,1,0
BRDA:28,9,0,0
BRDA:28,9,1,0
BRDA:30,10,0,0
BRDA:30,10,1,0
BRDA:34,11,0,0
BRDA:34,11,1,0
BRDA:38,12,0,0
BRDA:38,12,1,0
BRF:19
BRH:0
end_of_record
TN:
SF:src/js/components/ui/index.js
FNF:0
FNH:0
LF:0
LH:0
BRF:0
BRH:0
end_of_record
TN:
SF:src/js/components/ui/init.js
FN:16,transferDataset
FN:17,(anonymous_1)
FN:27,initComponents
FN:28,(anonymous_3)
FN:42,(anonymous_4)
FNF:5
FNH:0
FNDA:0,transferDataset
FNDA:0,(anonymous_1)
FNDA:0,initComponents
FNDA:0,(anonymous_3)
FNDA:0,(anonymous_4)
DA:7,0
DA:8,0
DA:17,0
DA:18,0
DA:19,0
DA:28,0
DA:29,0
DA:37,0
DA:38,0
DA:39,0
DA:42,0
DA:43,0
DA:50,0
DA:51,0
DA:52,0
LF:15
LH:0
BRDA:18,0,0,0
BRDA:18,0,1,0
BRDA:32,1,0,0
BRDA:32,1,1,0
BRDA:33,2,0,0
BRDA:33,2,1,0
BRDA:44,3,0,0
BRDA:44,3,1,0
BRDA:44,3,2,0
BRDA:45,4,0,0
BRDA:45,4,1,0
BRDA:47,5,0,0
BRDA:47,5,1,0
BRF:13
BRH:0
end_of_record
TN:
SF:src/js/config/color-config.js
FNF:0
FNH:0
DA:1,4
LF:1
LH:1
BRF:0
BRH:0
end_of_record
TN:
SF:src/js/config/skills-config.js
FNF:0
FNH:0
DA:1,2
LF:1
LH:1
BRF:0
BRH:0
end_of_record
TN:
SF:src/js/modules/avatar-tilt.js
FN:4,initAvatarTilt
FN:8,(anonymous_1)
FN:27,(anonymous_2)
FNF:3
FNH:0
FNDA:0,initAvatarTilt
FNDA:0,(anonymous_1)
FNDA:0,(anonymous_2)
DA:5,0
DA:6,0
DA:8,0
DA:9,0
DA:10,0
DA:11,0
DA:13,0
DA:14,0
DA:17,0
DA:18,0
DA:20,0
DA:21,0
DA:22,0
DA:23,0
DA:24,0
DA:27,0
DA:28,0
DA:29,0
DA:30,0
DA:31,0
DA:32,0
DA:35,0
DA:36,0
LF:23
LH:0
BRDA:6,0,0,0
BRDA:6,0,1,0
BRF:2
BRH:0
end_of_record
TN:
SF:src/js/modules/contact-form-validation.js
FN:13,stripTags
FN:28,validateName
FN:55,validateEmail
FN:90,validateMessage
FN:117,sanitizeFormData
FN:129,ContactFormState
FN:135,(anonymous_6)
FN:139,(anonymous_7)
FN:143,(anonymous_8)
FN:147,(anonymous_9)
FN:153,(anonymous_10)
FN:159,(anonymous_11)
FN:164,(anonymous_12)
FN:168,(anonymous_13)
FN:172,(anonymous_14)
FN:185,validateForm
FNF:16
FNH:16
FNDA:95,stripTags
FNDA:19,validateName
FNDA:21,validateEmail
FNDA:13,validateMessage
FNDA:39,sanitizeFormData
FNDA:15,ContactFormState
FNDA:10,(anonymous_6)
FNDA:5,(anonymous_7)
FNDA:1,(anonymous_8)
FNDA:5,(anonymous_9)
FNDA:3,(anonymous_10)
FNDA:1,(anonymous_11)
FNDA:5,(anonymous_12)
FNDA:4,(anonymous_13)
FNDA:2,(anonymous_14)
FNDA:5,validateForm
DA:14,95
DA:16,88
DA:20,88
DA:29,19
DA:30,2
DA:33,17
DA:35,17
DA:36,5
DA:39,12
DA:40,2
DA:43,10
DA:44,1
DA:47,9
DA:56,21
DA:57,0
DA:60,21
DA:62,21
DA:63,2
DA:66,19
DA:67,1
DA:71,18
DA:72,6
DA:77,12
DA:78,12
DA:79,5
DA:82,7
DA:91,13
DA:92,0
DA:95,13
DA:97,13
DA:98,3
DA:101,10
DA:102,2
DA:105,8
DA:106,1
DA:109,7
DA:118,39
DA:130,15
DA:131,15
DA:132,15
DA:134,15
DA:136,10
DA:140,5
DA:144,1
DA:148,5
DA:149,5
DA:150,5
DA:154,3
DA:155,3
DA:156,3
DA:160,1
DA:161,1
DA:165,5
DA:169,4
DA:173,2
DA:174,2
DA:175,2
DA:186,5
DA:188,5
DA:189,5
DA:190,2
DA:193,5
DA:194,5
DA:195,2
DA:198,5
DA:199,5
DA:200,2
DA:203,5
LF:68
LH:66
BRDA:14,0,0,7
BRDA:14,0,1,88
BRDA:29,1,0,2
BRDA:29,1,1,17
BRDA:29,2,0,19
BRDA:29,2,1,18
BRDA:35,3,0,5
BRDA:35,3,1,12
BRDA:39,4,0,2
BRDA:39,4,1,10
BRDA:43,5,0,1
BRDA:43,5,1,9
BRDA:56,6,0,0
BRDA:56,6,1,21
BRDA:56,7,0,21
BRDA:56,7,1,21
BRDA:62,8,0,2
BRDA:62,8,1,19
BRDA:66,9,0,1
BRDA:66,9,1,18
BRDA:71,10,0,6
BRDA:71,10,1,12
BRDA:78,11,0,5
BRDA:78,11,1,7
BRDA:91,12,0,0
BRDA:91,12,1,13
BRDA:91,13,0,13
BRDA:91,13,1,13
BRDA:97,14,0,3
BRDA:97,14,1,10
BRDA:101,15,0,2
BRDA:101,15,1,8
BRDA:105,16,0,1
BRDA:105,16,1,7
BRDA:119,17,0,39
BRDA:119,17,1,2
BRDA:120,18,0,39
BRDA:120,18,1,1
BRDA:121,19,0,39
BRDA:121,19,1,2
BRDA:189,20,0,2
BRDA:189,20,1,3
BRDA:194,21,0,2
BRDA:194,21,1,3
BRDA:199,22,0,2
BRDA:199,22,1,3
BRF:46
BRH:44
end_of_record
TN:
SF:src/js/modules/contact-form.js
FN:1,(anonymous_0)
FN:20,pickLabel
FN:35,ContactFormView
FN:40,(anonymous_3)
FN:50,(anonymous_4)
FN:53,(anonymous_5)
FN:65,(anonymous_6)
FN:73,(anonymous_7)
FN:82,(anonymous_8)
FN:95,(anonymous_9)
FN:104,(anonymous_10)
FN:111,(anonymous_11)
FN:112,(anonymous_12)
FN:119,initContactForm
FN:123,(anonymous_14)
FN:126,(anonymous_15)
FN:137,(anonymous_16)
FN:140,(anonymous_17)
FN:144,(anonymous_18)
FNF:19
FNH:0
FNDA:0,(anonymous_0)
FNDA:0,pickLabel
FNDA:0,ContactFormView
FNDA:0,(anonymous_3)
FNDA:0,(anonymous_4)
FNDA:0,(anonymous_5)
FNDA:0,(anonymous_6)
FNDA:0,(anonymous_7)
FNDA:0,(anonymous_8)
FNDA:0,(anonymous_9)
FNDA:0,(anonymous_10)
FNDA:0,(anonymous_11)
FNDA:0,(anonymous_12)
FNDA:0,initContactForm
FNDA:0,(anonymous_14)
FNDA:0,(anonymous_15)
FNDA:0,(anonymous_16)
FNDA:0,(anonymous_17)
FNDA:0,(anonymous_18)
DA:1,0
DA:2,0
DA:8,0
DA:14,0
DA:21,0
DA:22,0
DA:23,0
DA:25,0
DA:27,0
DA:29,0
DA:31,0
DA:36,0
DA:37,0
DA:38,0
DA:40,0
DA:41,0
DA:42,0
DA:43,0
DA:44,0
DA:45,0
DA:49,0
DA:51,0
DA:54,0
DA:55,0
DA:56,0
DA:57,0
DA:59,0
DA:60,0
DA:61,0
DA:62,0
DA:66,0
DA:67,0
DA:68,0
DA:69,0
DA:70,0
DA:71,0
DA:74,0
DA:75,0
DA:76,0
DA:77,0
DA:78,0
DA:80,0
DA:83,0
DA:84,0
DA:85,0
DA:86,0
DA:87,0
DA:89,0
DA:94,0
DA:96,0
DA:97,0
DA:105,0
DA:106,0
DA:111,0
DA:112,0
DA:113,0
DA:120,0
DA:121,0
DA:123,0
DA:124,0
DA:126,0
DA:127,0
DA:128,0
DA:129,0
DA:131,0
DA:132,0
DA:134,0
DA:136,0
DA:138,0
DA:139,0
DA:140,0
DA:141,0
DA:145,0
DA:146,0
DA:152,0
DA:153,0
LF:76
LH:0
BRDA:21,0,0,0
BRDA:21,0,1,0
BRDA:23,1,0,0
BRDA:23,1,1,0
BRDA:23,1,2,0
BRDA:23,1,3,0
BRDA:25,2,0,0
BRDA:25,2,1,0
BRDA:27,3,0,0
BRDA:27,3,1,0
BRDA:29,4,0,0
BRDA:29,4,1,0
BRDA:38,5,0,0
BRDA:38,5,1,0
BRDA:41,6,0,0
BRDA:41,6,1,0
BRDA:44,7,0,0
BRDA:44,7,1,0
BRDA:55,8,0,0
BRDA:55,8,1,0
BRDA:59,9,0,0
BRDA:59,9,1,0
BRDA:66,10,0,0
BRDA:66,10,1,0
BRDA:74,11,0,0
BRDA:74,11,1,0
BRDA:83,12,0,0
BRDA:83,12,1,0
BRDA:96,13,0,0
BRDA:96,13,1,0
BRDA:96,14,0,0
BRDA:96,14,1,0
BRDA:96,14,2,0
BRDA:105,15,0,0
BRDA:105,15,1,0
BRDA:121,16,0,0
BRDA:121,16,1,0
BRDA:129,17,0,0
BRDA:129,17,1,0
BRDA:152,18,0,0
BRDA:152,18,1,0
BRF:41
BRH:0
end_of_record
TN:
SF:src/js/modules/dot-magnet.js
FN:6,(anonymous_0)
FN:28,(anonymous_1)
FN:33,(anonymous_2)
FN:49,(anonymous_3)
FN:66,(anonymous_4)
FN:67,(anonymous_5)
FN:69,(anonymous_6)
FN:75,(anonymous_7)
FN:81,(anonymous_8)
FN:103,(anonymous_9)
FN:117,(anonymous_10)
FN:120,(anonymous_11)
FN:125,(anonymous_12)
FNF:13
FNH:0
FNDA:0,(anonymous_0)
FNDA:0,(anonymous_1)
FNDA:0,(anonymous_2)
FNDA:0,(anonymous_3)
FNDA:0,(anonymous_4)
FNDA:0,(anonymous_5)
FNDA:0,(anonymous_6)
FNDA:0,(anonymous_7)
FNDA:0,(anonymous_8)
FNDA:0,(anonymous_9)
FNDA:0,(anonymous_10)
FNDA:0,(anonymous_11)
FNDA:0,(anonymous_12)
DA:7,0
DA:8,0
DA:10,0
DA:11,0
DA:12,0
DA:14,0
DA:23,0
DA:24,0
DA:25,0
DA:29,0
DA:30,0
DA:34,0
DA:35,0
DA:36,0
DA:39,0
DA:40,0
DA:41,0
DA:42,0
DA:43,0
DA:44,0
DA:46,0
DA:50,0
DA:51,0
DA:52,0
DA:54,0
DA:55,0
DA:56,0
DA:67,0
DA:69,0
DA:70,0
DA:71,0
DA:72,0
DA:75,0
DA:76,0
DA:77,0
DA:82,0
DA:83,0
DA:84,0
DA:85,0
DA:87,0
DA:88,0
DA:89,0
DA:90,0
DA:93,0
DA:94,0
DA:97,0
DA:98,0
DA:104,0
DA:107,0
DA:108,0
DA:110,0
DA:111,0
DA:112,0
DA:113,0
DA:118,0
DA:119,0
DA:120,0
DA:125,0
DA:126,0
DA:127,0
LF:60
LH:0
BRDA:6,0,0,0
BRDA:8,1,0,0
BRDA:8,1,1,0
BRDA:15,2,0,0
BRDA:15,2,1,0
BRDA:16,3,0,0
BRDA:16,3,1,0
BRDA:17,4,0,0
BRDA:17,4,1,0
BRDA:18,5,0,0
BRDA:18,5,1,0
BRDA:19,6,0,0
BRDA:19,6,1,0
BRDA:39,7,0,0
BRDA:39,7,1,0
BRDA:87,8,0,0
BRDA:87,8,1,0
BRDA:126,9,0,0
BRDA:126,9,1,0
BRF:19
BRH:0
end_of_record
TN:
SF:src/js/modules/scroll-reveal.js
FN:1,(anonymous_0)
FN:6,initScrollReveal
FN:13,(anonymous_2)
FN:21,(anonymous_3)
FN:22,(anonymous_4)
FN:33,(anonymous_5)
FNF:6
FNH:2
FNDA:2,(anonymous_0)
FNDA:2,initScrollReveal
FNDA:0,(anonymous_2)
FNDA:0,(anonymous_3)
FNDA:0,(anonymous_4)
FNDA:0,(anonymous_5)
DA:1,2
DA:2,2
DA:3,2
DA:4,2
DA:7,2
DA:8,2
DA:10,0
DA:11,0
DA:12,0
DA:13,0
DA:14,0
DA:15,0
DA:17,0
DA:20,0
DA:22,0
DA:23,0
DA:24,0
DA:25,0
DA:26,0
DA:33,0
DA:34,0
DA:35,0
DA:36,0
DA:37,0
DA:39,0
DA:40,0
DA:44,0
DA:45,0
DA:46,0
DA:49,0
DA:51,0
DA:52,0
DA:53,0
DA:54,0
DA:59,2
DA:60,2
LF:36
LH:8
BRDA:8,0,0,2
BRDA:8,0,1,0
BRDA:11,1,0,0
BRDA:11,1,1,0
BRDA:12,2,0,0
BRDA:12,2,1,0
BRDA:12,3,0,0
BRDA:12,3,1,0
BRDA:23,4,0,0
BRDA:23,4,1,0
BRDA:35,5,0,0
BRDA:35,5,1,0
BRDA:36,6,0,0
BRDA:36,6,1,0
BRDA:37,7,0,0
BRDA:37,7,1,0
BRDA:37,7,2,0
BRDA:37,7,3,0
BRDA:39,8,0,0
BRDA:39,8,1,0
BRDA:44,9,0,0
BRDA:44,9,1,0
BRDA:45,10,0,0
BRDA:45,10,1,0
BRDA:51,11,0,0
BRDA:51,11,1,0
BRDA:59,12,0,2
BRDA:59,12,1,1
BRF:28
BRH:3
end_of_record
TN:
SF:src/js/modules/terminal-typing.js
FN:1,(anonymous_0)
FN:15,parseConfig
FN:32,createLineElement
FN:38,createCursor
FN:45,typeText
FN:46,(anonymous_5)
FN:48,tick
FN:60,runSequence
FN:70,(anonymous_8)
FN:75,initTerminalTyping
FN:84,(anonymous_10)
FNF:11
FNH:2
FNDA:2,(anonymous_0)
FNDA:0,parseConfig
FNDA:0,createLineElement
FNDA:0,createCursor
FNDA:0,typeText
FNDA:0,(anonymous_5)
FNDA:0,tick
FNDA:0,runSequence
FNDA:0,(anonymous_8)
FNDA:2,initTerminalTyping
FNDA:0,(anonymous_10)
DA:1,2
DA:2,2
DA:8,2
DA:16,0
DA:17,0
DA:19,0
DA:20,0
DA:21,0
DA:27,0
DA:28,0
DA:33,0
DA:34,0
DA:35,0
DA:39,0
DA:40,0
DA:41,0
DA:42,0
DA:46,0
DA:47,0
DA:49,0
DA:50,0
DA:51,0
DA:53,0
DA:56,0
DA:61,0
DA:62,0
DA:63,0
DA:64,0
DA:66,0
DA:67,0
DA:69,0
DA:70,0
DA:71,0
DA:76,2
DA:77,2
DA:79,0
DA:80,0
DA:82,0
DA:84,0
DA:85,0
DA:89,2
DA:90,2
LF:42
LH:7
BRDA:17,0,0,0
BRDA:17,0,1,0
BRDA:24,1,0,0
BRDA:24,1,1,0
BRDA:49,2,0,0
BRDA:49,2,1,0
BRDA:69,3,0,0
BRDA:69,3,1,0
BRDA:77,4,0,2
BRDA:77,4,1,0
BRDA:80,5,0,0
BRDA:80,5,1,0
BRDA:89,6,0,2
BRDA:89,6,1,0
BRF:14
BRH:2
end_of_record
TN:
SF:src/js/renderers/features-renderer.js
FN:4,renderFeatures
FN:10,(anonymous_1)
FNF:2
FNH:2
FNDA:3,renderFeatures
FNDA:1,(anonymous_1)
DA:5,3
DA:6,3
DA:8,1
DA:10,1
DA:29,1
DA:30,0
DA:32,1
LF:7
LH:6
BRDA:6,0,0,2
BRDA:6,0,1,1
BRDA:29,1,0,0
BRDA:29,1,1,1
BRF:4
BRH:3
end_of_record
TN:
SF:src/js/renderers/skills-renderer.js
FN:6,renderSkills
FN:19,(anonymous_1)
FN:27,(anonymous_2)
FNF:3
FNH:3
FNDA:7,renderSkills
FNDA:49,(anonymous_1)
FNDA:45,(anonymous_2)
DA:8,7
DA:18,7
DA:19,7
DA:20,49
DA:23,7
DA:24,7
DA:26,5
DA:28,45
DA:30,40
DA:31,40
DA:34,40
DA:35,40
DA:37,10
DA:38,5
DA:39,5
DA:40,5
DA:41,5
DA:42,5
DA:44,0
DA:45,0
DA:48,10
DA:55,40
DA:58,40
DA:60,40
DA:88,1
DA:89,0
DA:91,1
LF:27
LH:24
BRDA:20,0,0,49
BRDA:20,0,1,21
BRDA:24,1,0,2
BRDA:24,1,1,5
BRDA:28,2,0,5
BRDA:28,2,1,40
BRDA:30,3,0,40
BRDA:30,3,1,10
BRDA:31,4,0,30
BRDA:31,4,1,10
BRDA:35,5,0,10
BRDA:35,5,1,30
BRDA:37,6,0,5
BRDA:37,6,1,5
BRDA:40,7,0,5
BRDA:40,7,1,0
BRDA:55,8,0,40
BRDA:55,8,1,30
BRDA:58,9,0,5
BRDA:58,9,1,35
BRDA:63,10,0,5
BRDA:63,10,1,35
BRDA:68,11,0,40
BRDA:68,11,1,0
BRDA:79,12,0,5
BRDA:79,12,1,35
BRDA:88,13,0,0
BRDA:88,13,1,1
BRF:28
BRH:25
end_of_record
TN:
SF:src/js/services/project-service.js
FN:4,(anonymous_0)
FNF:1
FNH:1
FNDA:19,(anonymous_0)
DA:3,2
DA:5,19
LF:2
LH:2
BRF:0
BRH:0
end_of_record
TN:
SF:src/js/state/filter-state.js
FN:1,createFilterState
FN:12,matchesSearch
FN:17,(anonymous_2)
FN:25,sortProjects
FN:29,(anonymous_4)
FN:31,(anonymous_5)
FN:33,(anonymous_6)
FN:40,(anonymous_7)
FN:50,(anonymous_8)
FN:57,(anonymous_9)
FN:61,(anonymous_10)
FN:65,(anonymous_11)
FN:69,(anonymous_12)
FN:73,(anonymous_13)
FN:78,(anonymous_14)
FN:85,(anonymous_15)
FN:97,(anonymous_16)
FN:99,(anonymous_17)
FN:100,(anonymous_18)
FN:107,(anonymous_19)
FN:111,(anonymous_20)
FN:113,(anonymous_21)
FN:117,(anonymous_22)
FN:119,(anonymous_23)
FN:128,(anonymous_24)
FN:132,(anonymous_25)
FNF:26
FNH:17
FNDA:51,createFilterState
FNDA:142,matchesSearch
FNDA:15,(anonymous_2)
FNDA:15,sortProjects
FNDA:6,(anonymous_4)
FNDA:0,(anonymous_5)
FNDA:0,(anonymous_6)
FNDA:14,(anonymous_7)
FNDA:0,(anonymous_8)
FNDA:2,(anonymous_9)
FNDA:2,(anonymous_10)
FNDA:2,(anonymous_11)
FNDA:2,(anonymous_12)
FNDA:31,(anonymous_13)
FNDA:0,(anonymous_14)
FNDA:6,(anonymous_15)
FNDA:0,(anonymous_16)
FNDA:0,(anonymous_17)
FNDA:0,(anonymous_18)
FNDA:0,(anonymous_19)
FNDA:15,(anonymous_20)
FNDA:142,(anonymous_21)
FNDA:106,(anonymous_22)
FNDA:100,(anonymous_23)
FNDA:5,(anonymous_24)
FNDA:0,(anonymous_25)
DA:2,51
DA:13,142
DA:14,8
DA:15,8
DA:16,8
DA:17,15
DA:18,8
DA:19,8
DA:26,15
DA:27,15
DA:29,6
DA:31,0
DA:33,0
DA:35,14
DA:39,51
DA:41,14
DA:42,14
DA:43,14
DA:44,3
DA:46,11
DA:51,0
DA:52,0
DA:53,0
DA:58,2
DA:62,2
DA:66,2
DA:70,2
DA:74,31
DA:75,31
DA:79,0
DA:80,0
DA:81,0
DA:86,6
DA:98,0
DA:99,0
DA:100,0
DA:101,0
DA:108,0
DA:113,142
DA:116,15
DA:117,9
DA:118,106
DA:119,106
DA:120,106
DA:125,15
DA:129,5
DA:133,0
LF:47
LH:33
BRDA:1,0,0,34
BRDA:5,1,0,51
BRDA:5,1,1,45
BRDA:6,2,0,51
BRDA:6,2,1,14
BRDA:13,3,0,134
BRDA:13,3,1,8
BRDA:19,4,0,8
BRDA:19,4,1,7
BRDA:19,4,2,7
BRDA:19,4,3,6
BRDA:27,5,0,1
BRDA:27,5,1,0
BRDA:27,5,2,0
BRDA:27,5,3,14
BRDA:42,6,0,0
BRDA:42,6,1,14
BRDA:43,7,0,3
BRDA:43,7,1,11
BRDA:52,8,0,0
BRDA:52,8,1,0
BRDA:75,9,0,31
BRDA:75,9,1,0
BRDA:116,10,0,9
BRDA:116,10,1,6
BRDA:116,11,0,15
BRDA:116,11,1,8
BRDA:118,12,0,106
BRDA:118,12,1,42
BRDA:119,13,0,106
BRDA:119,13,1,83
BRDA:120,14,0,106
BRDA:120,14,1,70
BRDA:129,15,0,5
BRDA:129,15,1,3
BRDA:129,15,2,3
BRDA:133,16,0,0
BRDA:133,16,1,0
BRF:38
BRH:30
end_of_record
TN:
SF:src/js/utils/sanitize.js
FN:19,escapeHtml
FN:37,(anonymous_1)
FN:51,stripTags
FN:82,sanitizeForUrl
FN:118,sanitizeText
FNF:5
FNH:5
FNDA:394,escapeHtml
FNDA:292,(anonymous_1)
FNDA:88,stripTags
FNDA:142,sanitizeForUrl
FNDA:49,sanitizeText
DA:20,394
DA:21,4
DA:25,390
DA:28,390
DA:37,390
DA:52,88
DA:53,4
DA:56,84
DA:59,84
DA:60,84
DA:63,84
DA:65,84
DA:83,142
DA:84,2
DA:87,140
DA:90,140
DA:91,140
DA:93,140
DA:94,408
DA:95,7
DA:101,133
DA:119,49
DA:120,4
DA:124,45
LF:24
LH:24
BRDA:20,0,0,4
BRDA:20,0,1,390
BRDA:20,1,0,394
BRDA:20,1,1,392
BRDA:52,2,0,4
BRDA:52,2,1,84
BRDA:52,3,0,88
BRDA:52,3,1,86
BRDA:83,4,0,2
BRDA:83,4,1,140
BRDA:83,5,0,142
BRDA:83,5,1,141
BRDA:94,6,0,7
BRDA:94,6,1,401
BRDA:119,7,0,4
BRDA:119,7,1,45
BRDA:119,8,0,49
BRDA:119,8,1,47
BRF:18
BRH:18
end_of_record
TN:
SF:src/js/views/filter-view.js
FN:3,FilterView
FN:4,(anonymous_1)
FN:17,(anonymous_2)
FN:19,(anonymous_3)
FNF:4
FNH:4
FNDA:16,FilterView
FNDA:5,(anonymous_1)
FNDA:16,(anonymous_2)
FNDA:20,(anonymous_3)
DA:4,16
DA:5,5
DA:6,5
DA:7,4
DA:8,4
DA:10,4
DA:11,4
DA:14,16
DA:16,16
DA:18,16
DA:19,16
DA:20,20
DA:25,20
DA:26,20
DA:27,20
DA:28,20
DA:29,20
DA:30,20
DA:31,20
LF:19
LH:19
BRDA:6,0,0,1
BRDA:6,0,1,4
BRDA:10,1,0,3
BRDA:10,1,1,1
BRDA:30,2,0,2
BRDA:30,2,1,18
BRF:6
BRH:6
end_of_record
TN:
SF:src/js/views/results-view.js
FN:7,ResultsView
FN:13,updateResultsCount
FN:27,renderPagination
FN:32,(anonymous_3)
FN:42,(anonymous_4)
FN:46,(anonymous_5)
FN:58,renderEmptyState
FN:68,renderProjects
FN:76,(anonymous_8)
FN:116,(anonymous_9)
FN:126,(anonymous_10)
FN:132,renderPage
FN:140,(anonymous_12)
FN:147,(anonymous_13)
FN:150,(anonymous_14)
FN:154,(anonymous_15)
FNF:16
FNH:12
FNDA:22,ResultsView
FNDA:24,updateResultsCount
FNDA:20,renderPagination
FNDA:6,(anonymous_3)
FNDA:0,(anonymous_4)
FNDA:0,(anonymous_5)
FNDA:4,renderEmptyState
FNDA:20,renderProjects
FNDA:63,(anonymous_8)
FNDA:106,(anonymous_9)
FNDA:0,(anonymous_10)
FNDA:20,renderPage
FNDA:19,(anonymous_12)
FNDA:0,(anonymous_13)
FNDA:1,(anonymous_14)
FNDA:4,(anonymous_15)
DA:5,1
DA:8,22
DA:9,22
DA:10,22
DA:11,22
DA:14,24
DA:15,24
DA:16,3
DA:17,21
DA:18,1
DA:20,20
DA:23,20
DA:28,20
DA:29,20
DA:30,20
DA:32,3
DA:33,6
DA:34,6
DA:35,6
DA:36,6
DA:37,3
DA:39,6
DA:42,3
DA:43,0
DA:44,0
DA:46,3
DA:47,0
DA:48,0
DA:51,3
DA:52,3
DA:53,3
DA:55,3
DA:59,4
DA:60,4
DA:61,4
DA:65,4
DA:69,20
DA:70,20
DA:71,0
DA:72,0
DA:73,0
DA:76,20
DA:77,63
DA:78,63
DA:79,63
DA:82,63
DA:83,63
DA:84,63
DA:86,63
DA:87,63
DA:88,63
DA:89,63
DA:90,63
DA:92,63
DA:115,63
DA:116,63
DA:117,106
DA:118,106
DA:121,63
DA:122,63
DA:123,63
DA:125,63
DA:126,63
DA:127,0
DA:133,20
DA:134,20
DA:135,20
DA:136,20
DA:139,22
DA:141,19
DA:142,19
DA:143,19
DA:144,19
DA:145,19
DA:148,0
DA:151,1
DA:152,1
DA:155,4
DA:156,4
DA:157,4
DA:158,4
DA:159,4
DA:160,4
LF:83
LH:74
BRDA:14,0,0,0
BRDA:14,0,1,24
BRDA:15,1,0,3
BRDA:15,1,1,21
BRDA:15,2,0,24
BRDA:15,2,1,4
BRDA:16,3,0,0
BRDA:16,3,1,3
BRDA:17,4,0,1
BRDA:17,4,1,20
BRDA:20,5,0,0
BRDA:20,5,1,20
BRDA:20,6,0,20
BRDA:20,6,1,0
BRDA:23,7,0,3
BRDA:23,7,1,17
BRDA:30,8,0,17
BRDA:30,8,1,3
BRDA:36,9,0,3
BRDA:36,9,1,3
BRDA:62,10,0,1
BRDA:62,10,1,3
BRDA:70,11,0,0
BRDA:70,11,1,20
BRDA:83,12,0,63
BRDA:83,12,1,63
BRDA:84,13,0,0
BRDA:84,13,1,63
BRF:28
BRH:22
end_of_record
TN:
SF:src/projects/api/image_search/script.js
FN:16,setStatus
FN:22,renderLoadingPlaceholders
FN:33,buildSearchUrl
FN:52,searchImages
FN:88,(anonymous_4)
FN:156,(anonymous_5)
FN:162,(anonymous_6)
FN:163,(anonymous_7)
FN:169,(anonymous_8)
FNF:9
FNH:0
FNDA:0,setStatus
FNDA:0,renderLoadingPlaceholders
FNDA:0,buildSearchUrl
FNDA:0,searchImages
FNDA:0,(anonymous_4)
FNDA:0,(anonymous_5)
FNDA:0,(anonymous_6)
FNDA:0,(anonymous_7)
FNDA:0,(anonymous_8)
DA:1,0
DA:3,0
DA:4,0
DA:5,0
DA:6,0
DA:7,0
DA:8,0
DA:9,0
DA:10,0
DA:12,0
DA:13,0
DA:14,0
DA:17,0
DA:18,0
DA:19,0
DA:23,0
DA:24,0
DA:25,0
DA:26,0
DA:27,0
DA:28,0
DA:30,0
DA:34,0
DA:40,0
DA:41,0
DA:42,0
DA:46,0
DA:47,0
DA:49,0
DA:53,0
DA:54,0
DA:55,0
DA:56,0
DA:57,0
DA:58,0
DA:60,0
DA:62,0
DA:63,0
DA:64,0
DA:65,0
DA:66,0
DA:69,0
DA:70,0
DA:71,0
DA:72,0
DA:73,0
DA:75,0
DA:76,0
DA:79,0
DA:81,0
DA:82,0
DA:83,0
DA:84,0
DA:85,0
DA:88,0
DA:89,0
DA:90,0
DA:91,0
DA:92,0
DA:93,0
DA:94,0
DA:95,0
DA:96,0
DA:98,0
DA:99,0
DA:100,0
DA:101,0
DA:102,0
DA:103,0
DA:105,0
DA:106,0
DA:107,0
DA:108,0
DA:109,0
DA:110,0
DA:111,0
DA:113,0
DA:114,0
DA:115,0
DA:116,0
DA:117,0
DA:118,0
DA:119,0
DA:120,0
DA:122,0
DA:123,0
DA:124,0
DA:125,0
DA:126,0
DA:127,0
DA:129,0
DA:131,0
DA:132,0
DA:133,0
DA:135,0
DA:136,0
DA:137,0
DA:138,0
DA:139,0
DA:142,0
DA:143,0
DA:144,0
DA:146,0
DA:147,0
DA:148,0
DA:149,0
DA:151,0
DA:152,0
DA:156,0
DA:157,0
DA:158,0
DA:159,0
DA:162,0
DA:163,0
DA:164,0
DA:165,0
DA:169,0
DA:170,0
DA:171,0
LF:119
LH:0
BRDA:16,0,0,0
BRDA:22,1,0,0
BRDA:37,2,0,0
BRDA:37,2,1,0
BRDA:40,3,0,0
BRDA:40,3,1,0
BRDA:41,4,0,0
BRDA:41,4,1,0
BRDA:42,5,0,0
BRDA:42,5,1,0
BRDA:46,6,0,0
BRDA:46,6,1,0
BRDA:47,7,0,0
BRDA:47,7,1,0
BRDA:54,8,0,0
BRDA:54,8,1,0
BRDA:60,9,0,0
BRDA:60,9,1,0
BRDA:65,10,0,0
BRDA:65,10,1,0
BRDA:66,11,0,0
BRDA:66,11,1,0
BRDA:72,12,0,0
BRDA:72,12,1,0
BRDA:75,13,0,0
BRDA:75,13,1,0
BRDA:79,14,0,0
BRDA:79,14,1,0
BRDA:81,15,0,0
BRDA:81,15,1,0
BRDA:91,16,0,0
BRDA:91,16,1,0
BRDA:99,17,0,0
BRDA:99,17,1,0
BRDA:102,18,0,0
BRDA:102,18,1,0
BRDA:108,19,0,0
BRDA:108,19,1,0
BRDA:110,20,0,0
BRDA:110,20,1,0
BRDA:110,21,0,0
BRDA:110,21,1,0
BRDA:110,22,0,0
BRDA:110,22,1,0
BRDA:142,23,0,0
BRDA:142,23,1,0
BRDA:143,24,0,0
BRDA:143,24,1,0
BRDA:144,25,0,0
BRDA:144,25,1,0
BRF:50
BRH:0
end_of_record
