TN:
SF:functions/api/unsplash-helpers.js
FN:14,validateQuery
FN:50,validatePagination
FN:84,sanitizeErrorMessage
FN:130,isAllowedOrigin
FN:162,getCorsHeaders
FNF:5
FNH:5
FNDA:39,validateQuery
FNDA:19,validatePagination
FNDA:16,sanitizeErrorMessage
FNDA:40,isAllowedOrigin
FNDA:13,getCorsHeaders
DA:16,39
DA:17,7
DA:21,32
DA:24,32
DA:25,3
DA:29,29
DA:30,29
DA:33,29
DA:36,29
DA:37,2
DA:40,27
DA:52,19
DA:53,19
DA:56,19
DA:57,16
DA:58,16
DA:59,4
DA:62,12
DA:66,15
DA:67,12
DA:68,12
DA:69,0
DA:72,12
DA:75,15
DA:85,16
DA:86,0
DA:89,16
DA:92,16
DA:100,16
DA:101,4
DA:105,12
DA:114,12
DA:115,32
DA:116,12
DA:120,0
DA:131,40
DA:134,38
DA:140,38
DA:147,38
DA:148,29
DA:152,9
DA:163,13
DA:165,13
DA:176,4
LF:44
LH:41
BRDA:16,0,0,7
BRDA:16,0,1,32
BRDA:16,1,0,39
BRDA:16,1,1,33
BRDA:24,2,0,3
BRDA:24,2,1,29
BRDA:36,3,0,2
BRDA:36,3,1,27
BRDA:56,4,0,16
BRDA:56,4,1,3
BRDA:56,5,0,19
BRDA:56,5,1,17
BRDA:58,6,0,4
BRDA:58,6,1,12
BRDA:58,7,0,16
BRDA:58,7,1,14
BRDA:66,8,0,12
BRDA:66,8,1,3
BRDA:66,9,0,15
BRDA:66,9,1,13
BRDA:68,10,0,0
BRDA:68,10,1,12
BRDA:68,11,0,12
BRDA:68,11,1,12
BRDA:85,12,0,0
BRDA:85,12,1,16
BRDA:100,13,0,4
BRDA:100,13,1,12
BRDA:115,14,0,12
BRDA:115,14,1,20
BRDA:131,15,0,2
BRDA:131,15,1,38
BRDA:147,16,0,29
BRDA:147,16,1,9
BRDA:166,17,0,10
BRDA:166,17,1,3
BRF:36
BRH:34
end_of_record
TN:
SF:functions/api/unsplash.js
FN:12,onRequest
FN:147,jsonResponse
FNF:2
FNH:0
FNDA:0,onRequest
FNDA:0,jsonResponse
DA:10,0
DA:13,0
DA:14,0
DA:17,0
DA:20,0
DA:21,0
DA:24,0
DA:25,0
DA:32,0
DA:33,0
DA:41,0
DA:42,0
DA:44,0
DA:45,0
DA:53,0
DA:54,0
DA:55,0
DA:57,0
DA:58,0
DA:66,0
DA:67,0
DA:68,0
DA:71,0
DA:72,0
DA:73,0
DA:81,0
DA:82,0
DA:83,0
DA:91,0
DA:92,0
DA:93,0
DA:94,0
DA:95,0
DA:96,0
DA:97,0
DA:99,0
DA:100,0
DA:107,0
DA:108,0
DA:111,0
DA:112,0
DA:120,0
DA:127,0
DA:128,0
DA:132,0
DA:136,0
DA:148,0
LF:47
LH:0
BRDA:17,0,0,0
BRDA:17,0,1,0
BRDA:20,1,0,0
BRDA:20,1,1,0
BRDA:24,2,0,0
BRDA:24,2,1,0
BRDA:32,3,0,0
BRDA:32,3,1,0
BRDA:44,4,0,0
BRDA:44,4,1,0
BRDA:57,5,0,0
BRDA:57,5,1,0
BRDA:68,6,0,0
BRDA:68,6,1,0
BRDA:72,7,0,0
BRDA:72,7,1,0
BRDA:72,8,0,0
BRDA:72,8,1,0
BRDA:82,9,0,0
BRDA:82,9,1,0
BRDA:96,10,0,0
BRDA:96,10,1,0
BRDA:97,11,0,0
BRDA:97,11,1,0
BRDA:107,12,0,0
BRDA:107,12,1,0
BRDA:111,13,0,0
BRDA:111,13,1,0
BRDA:122,14,0,0
BRDA:122,14,1,0
BRDA:133,15,0,0
BRDA:133,15,1,0
BRDA:133,16,0,0
BRDA:133,16,1,0
BRF:34
BRH:0
end_of_record
TN:
SF:src/data/projects.js
FNF:0
FNH:0
DA:3,2
LF:1
LH:1
BRF:0
BRH:0
end_of_record
TN:
SF:src/js/accordion.js
FN:1,(anonymous_0)
FN:2,initAccordions
FN:4,(anonymous_2)
FN:13,(anonymous_3)
FN:20,(anonymous_4)
FNF:5
FNH:0
FNDA:0,(anonymous_0)
FNDA:0,initAccordions
FNDA:0,(anonymous_2)
FNDA:0,(anonymous_3)
FNDA:0,(anonymous_4)
DA:1,0
DA:3,0
DA:4,0
DA:5,0
DA:6,0
DA:8,0
DA:9,0
DA:10,0
DA:11,0
DA:13,0
DA:14,0
DA:15,0
DA:16,0
DA:19,0
DA:20,0
DA:21,0
DA:22,0
DA:23,0
DA:29,0
DA:30,0
LF:20
LH:0
BRDA:6,0,0,0
BRDA:6,0,1,0
BRDA:6,1,0,0
BRDA:6,1,1,0
BRDA:10,2,0,0
BRDA:10,2,1,0
BRDA:16,3,0,0
BRDA:16,3,1,0
BRDA:21,4,0,0
BRDA:21,4,1,0
BRDA:21,5,0,0
BRDA:21,5,1,0
BRDA:29,6,0,0
BRDA:29,6,1,0
BRF:14
BRH:0
end_of_record
TN:
SF:src/js/orb-anim.js
FN:3,(anonymous_0)
FN:22,(anonymous_1)
FN:38,tick
FNF:3
FNH:0
FNDA:0,(anonymous_0)
FNDA:0,(anonymous_1)
FNDA:0,tick
DA:3,0
DA:4,0
DA:5,0
DA:7,0
DA:8,0
DA:11,0
DA:12,0
DA:13,0
DA:15,0
DA:16,0
DA:17,0
DA:19,0
DA:20,0
DA:22,0
DA:23,0
DA:24,0
DA:25,0
DA:26,0
DA:27,0
DA:37,0
DA:39,0
DA:40,0
DA:42,0
DA:43,0
DA:44,0
DA:45,0
DA:46,0
DA:47,0
DA:48,0
DA:49,0
DA:51,0
DA:52,0
DA:53,0
DA:54,0
DA:57,0
DA:60,0
LF:36
LH:0
BRDA:4,0,0,0
BRDA:4,0,1,0
BRDA:5,1,0,0
BRDA:5,1,1,0
BRDA:5,2,0,0
BRDA:5,2,1,0
BRDA:8,3,0,0
BRDA:8,3,1,0
BRDA:12,4,0,0
BRDA:12,4,1,0
BRDA:13,5,0,0
BRDA:13,5,1,0
BRDA:20,6,0,0
BRDA:20,6,1,0
BRDA:23,7,0,0
BRDA:23,7,1,0
BRDA:24,8,0,0
BRDA:24,8,1,0
BRDA:31,9,0,0
BRDA:31,9,1,0
BRF:20
BRH:0
end_of_record
TN:
SF:src/js/projects.js
FN:17,(anonymous_0)
FN:25,(anonymous_1)
FN:34,initProjects
FN:49,onFiltersChanged
FN:63,(anonymous_4)
FN:67,(anonymous_5)
FN:74,(anonymous_6)
FN:76,(anonymous_7)
FN:77,(anonymous_8)
FN:84,(anonymous_9)
FNF:10
FNH:0
FNDA:0,(anonymous_0)
FNDA:0,(anonymous_1)
FNDA:0,initProjects
FNDA:0,onFiltersChanged
FNDA:0,(anonymous_4)
FNDA:0,(anonymous_5)
FNDA:0,(anonymous_6)
FNDA:0,(anonymous_7)
FNDA:0,(anonymous_8)
FNDA:0,(anonymous_9)
DA:6,0
DA:14,0
DA:16,0
DA:18,0
DA:19,0
DA:21,0
DA:22,0
DA:26,0
DA:27,0
DA:29,0
DA:35,0
DA:36,0
DA:37,0
DA:38,0
DA:39,0
DA:41,0
DA:42,0
DA:45,0
DA:46,0
DA:47,0
DA:50,0
DA:51,0
DA:52,0
DA:53,0
DA:54,0
DA:56,0
DA:57,0
DA:58,0
DA:60,0
DA:63,0
DA:64,0
DA:65,0
DA:67,0
DA:68,0
DA:69,0
DA:72,0
DA:73,0
DA:75,0
DA:76,0
DA:77,0
DA:79,0
DA:80,0
DA:82,0
DA:85,0
DA:86,0
DA:99,0
DA:100,0
DA:102,0
LF:48
LH:0
BRDA:19,0,0,0
BRDA:19,0,1,0
BRDA:41,1,0,0
BRDA:41,1,1,0
BRDA:41,2,0,0
BRDA:41,2,1,0
BRDA:41,2,2,0
BRDA:41,2,3,0
BRDA:52,3,0,0
BRDA:52,3,1,0
BRDA:56,4,0,0
BRDA:56,4,1,0
BRDA:99,5,0,0
BRDA:99,5,1,0
BRF:14
BRH:0
end_of_record
TN:
SF:src/js/scripts.js
FN:1,(anonymous_0)
FN:2,runInitialisers
FN:4,(anonymous_2)
FNF:3
FNH:0
FNDA:0,(anonymous_0)
FNDA:0,runInitialisers
FNDA:0,(anonymous_2)
DA:1,0
DA:3,0
DA:4,0
DA:5,0
DA:6,0
DA:7,0
DA:10,0
DA:15,0
DA:16,0
DA:18,0
LF:10
LH:0
BRDA:3,0,0,0
BRDA:3,0,1,0
BRDA:6,1,0,0
BRDA:6,1,1,0
BRDA:10,2,0,0
BRDA:10,2,1,0
BRDA:15,3,0,0
BRDA:15,3,1,0
BRF:8
BRH:0
end_of_record
TN:
SF:src/js/skills.js
FN:1,(anonymous_0)
FN:5,(anonymous_1)
FN:6,(anonymous_2)
FN:7,(anonymous_3)
FN:16,(anonymous_4)
FN:54,(anonymous_5)
FN:63,(anonymous_6)
FN:64,(anonymous_7)
FN:77,(anonymous_8)
FNF:9
FNH:0
FNDA:0,(anonymous_0)
FNDA:0,(anonymous_1)
FNDA:0,(anonymous_2)
FNDA:0,(anonymous_3)
FNDA:0,(anonymous_4)
FNDA:0,(anonymous_5)
FNDA:0,(anonymous_6)
FNDA:0,(anonymous_7)
FNDA:0,(anonymous_8)
DA:1,0
DA:2,0
DA:4,0
DA:5,0
DA:7,0
DA:9,0
DA:10,0
DA:12,0
DA:13,0
DA:16,0
DA:17,0
DA:18,0
DA:19,0
DA:20,0
DA:21,0
DA:22,0
DA:23,0
DA:24,0
DA:25,0
DA:26,0
DA:28,0
DA:29,0
DA:31,0
DA:32,0
DA:36,0
DA:37,0
DA:38,0
DA:39,0
DA:40,0
DA:41,0
DA:42,0
DA:46,0
DA:47,0
DA:51,0
DA:53,0
DA:54,0
DA:55,0
DA:56,0
DA:57,0
DA:59,0
DA:62,0
DA:64,0
DA:65,0
DA:66,0
DA:67,0
DA:68,0
DA:69,0
DA:70,0
DA:77,0
LF:49
LH:0
BRDA:2,0,0,0
BRDA:2,0,1,0
BRDA:12,1,0,0
BRDA:12,1,1,0
BRDA:17,2,0,0
BRDA:17,2,1,0
BRDA:18,3,0,0
BRDA:18,3,1,0
BRDA:19,4,0,0
BRDA:19,4,1,0
BRDA:21,5,0,0
BRDA:21,5,1,0
BRDA:25,6,0,0
BRDA:25,6,1,0
BRDA:28,7,0,0
BRDA:28,7,1,0
BRDA:31,8,0,0
BRDA:31,8,1,0
BRDA:36,9,0,0
BRDA:36,9,1,0
BRDA:46,10,0,0
BRDA:46,10,1,0
BRDA:51,11,0,0
BRDA:51,11,1,0
BRDA:53,12,0,0
BRDA:53,12,1,0
BRDA:53,13,0,0
BRDA:53,13,1,0
BRDA:55,14,0,0
BRDA:55,14,1,0
BRDA:65,15,0,0
BRDA:65,15,1,0
BRDA:67,16,0,0
BRDA:67,16,1,0
BRF:34
BRH:0
end_of_record
TN:
SF:src/js/components/boop.js
FN:1,(anonymous_0)
FN:2,armBoops
FN:3,(anonymous_2)
FN:4,(anonymous_3)
FN:13,(anonymous_4)
FNF:5
FNH:0
FNDA:0,(anonymous_0)
FNDA:0,armBoops
FNDA:0,(anonymous_2)
FNDA:0,(anonymous_3)
FNDA:0,(anonymous_4)
DA:1,0
DA:3,0
DA:4,0
DA:5,0
DA:7,0
DA:8,0
DA:11,0
DA:12,0
DA:13,0
DA:14,0
DA:19,0
DA:20,0
DA:22,0
LF:13
LH:0
BRDA:19,0,0,0
BRDA:19,0,1,0
BRF:2
BRH:0
end_of_record
TN:
SF:src/js/components/header.js
FN:3,(anonymous_0)
FN:18,(anonymous_1)
FN:30,(anonymous_2)
FN:91,(anonymous_3)
FN:111,(anonymous_4)
FN:122,initMenu
FN:130,(anonymous_6)
FN:154,(anonymous_7)
FN:179,(anonymous_8)
FN:193,(anonymous_9)
FN:204,(anonymous_10)
FN:209,(anonymous_11)
FN:219,(anonymous_12)
FN:227,(anonymous_13)
FN:228,(anonymous_14)
FN:235,(anonymous_15)
FN:236,(anonymous_16)
FN:248,(anonymous_17)
FNF:18
FNH:0
FNDA:0,(anonymous_0)
FNDA:0,(anonymous_1)
FNDA:0,(anonymous_2)
FNDA:0,(anonymous_3)
FNDA:0,(anonymous_4)
FNDA:0,initMenu
FNDA:0,(anonymous_6)
FNDA:0,(anonymous_7)
FNDA:0,(anonymous_8)
FNDA:0,(anonymous_9)
FNDA:0,(anonymous_10)
FNDA:0,(anonymous_11)
FNDA:0,(anonymous_12)
FNDA:0,(anonymous_13)
FNDA:0,(anonymous_14)
FNDA:0,(anonymous_15)
FNDA:0,(anonymous_16)
FNDA:0,(anonymous_17)
DA:1,0
DA:3,0
DA:4,0
DA:5,0
DA:6,0
DA:7,0
DA:9,0
DA:10,0
DA:13,0
DA:18,0
DA:19,0
DA:20,0
DA:24,0
DA:27,0
DA:28,0
DA:29,0
DA:30,0
DA:31,0
DA:32,0
DA:42,0
DA:43,0
DA:46,0
DA:48,0
DA:49,0
DA:51,0
DA:52,0
DA:55,0
DA:56,0
DA:57,0
DA:60,0
DA:62,0
DA:64,0
DA:65,0
DA:68,0
DA:69,0
DA:73,0
DA:77,0
DA:79,0
DA:81,0
DA:82,0
DA:83,0
DA:84,0
DA:91,0
DA:92,0
DA:93,0
DA:94,0
DA:95,0
DA:96,0
DA:97,0
DA:98,0
DA:100,0
DA:103,0
DA:105,0
DA:106,0
DA:107,0
DA:108,0
DA:111,0
DA:112,0
DA:113,0
DA:114,0
DA:116,0
DA:120,0
DA:124,0
DA:125,0
DA:126,0
DA:127,0
DA:130,0
DA:131,0
DA:132,0
DA:134,0
DA:135,0
DA:136,0
DA:137,0
DA:138,0
DA:139,0
DA:140,0
DA:141,0
DA:142,0
DA:143,0
DA:144,0
DA:145,0
DA:147,0
DA:149,0
DA:151,0
DA:154,0
DA:155,0
DA:157,0
DA:158,0
DA:160,0
DA:163,0
DA:166,0
DA:167,0
DA:168,0
DA:171,0
DA:173,0
DA:174,0
DA:176,0
DA:179,0
DA:180,0
DA:182,0
DA:186,0
DA:187,0
DA:188,0
DA:189,0
DA:191,0
DA:193,0
DA:195,0
DA:197,0
DA:198,0
DA:199,0
DA:200,0
DA:201,0
DA:204,0
DA:205,0
DA:206,0
DA:207,0
DA:209,0
DA:210,0
DA:211,0
DA:212,0
DA:213,0
DA:216,0
DA:219,0
DA:220,0
DA:221,0
DA:224,0
DA:226,0
DA:227,0
DA:228,0
DA:229,0
DA:235,0
DA:236,0
DA:237,0
DA:238,0
DA:239,0
DA:240,0
DA:241,0
DA:242,0
DA:248,0
DA:249,0
DA:250,0
LF:141
LH:0
BRDA:5,0,0,0
BRDA:5,0,1,0
BRDA:6,1,0,0
BRDA:6,1,1,0
BRDA:9,2,0,0
BRDA:9,2,1,0
BRDA:20,3,0,0
BRDA:20,3,1,0
BRDA:28,4,0,0
BRDA:28,4,1,0
BRDA:46,5,0,0
BRDA:46,5,1,0
BRDA:46,6,0,0
BRDA:46,6,1,0
BRDA:46,6,2,0
BRDA:49,7,0,0
BRDA:49,7,1,0
BRDA:52,8,0,0
BRDA:52,8,1,0
BRDA:57,9,0,0
BRDA:57,9,1,0
BRDA:62,10,0,0
BRDA:62,10,1,0
BRDA:83,11,0,0
BRDA:83,11,1,0
BRDA:83,12,0,0
BRDA:83,12,1,0
BRDA:112,13,0,0
BRDA:112,13,1,0
BRDA:134,14,0,0
BRDA:134,14,1,0
BRDA:134,15,0,0
BRDA:134,15,1,0
BRDA:134,15,2,0
BRDA:136,16,0,0
BRDA:136,16,1,0
BRDA:138,17,0,0
BRDA:138,17,1,0
BRDA:141,18,0,0
BRDA:141,18,1,0
BRDA:145,19,0,0
BRDA:145,19,1,0
BRDA:145,20,0,0
BRDA:145,20,1,0
BRDA:158,21,0,0
BRDA:158,21,1,0
BRDA:166,22,0,0
BRDA:166,22,1,0
BRDA:167,23,0,0
BRDA:167,23,1,0
BRDA:168,24,0,0
BRDA:168,24,1,0
BRDA:173,25,0,0
BRDA:173,25,1,0
BRDA:191,26,0,0
BRDA:191,26,1,0
BRDA:191,27,0,0
BRDA:191,27,1,0
BRDA:191,27,2,0
BRDA:210,28,0,0
BRDA:210,28,1,0
BRDA:220,29,0,0
BRDA:220,29,1,0
BRDA:238,30,0,0
BRDA:238,30,1,0
BRDA:240,31,0,0
BRDA:240,31,1,0
BRDA:249,32,0,0
BRDA:249,32,1,0
BRF:69
BRH:0
end_of_record
TN:
SF:src/js/components/ui-global.js
FNF:0
FNH:0
DA:7,0
DA:10,0
LF:2
LH:0
BRF:0
BRH:0
end_of_record
TN:
SF:src/js/components/ui.js
FN:4,slugify
FN:13,createButton
FN:39,createBadge
FN:48,(anonymous_3)
FN:91,transferDataset
FN:92,(anonymous_5)
FN:99,initComponents
FN:100,(anonymous_7)
FN:113,(anonymous_8)
FNF:9
FNH:4
FNDA:136,slugify
FNDA:81,createButton
FNDA:139,createBadge
FNDA:23,(anonymous_3)
FNDA:0,transferDataset
FNDA:0,(anonymous_5)
FNDA:0,initComponents
FNDA:0,(anonymous_7)
FNDA:0,(anonymous_8)
DA:1,3
DA:2,3
DA:5,136
DA:14,81
DA:15,81
DA:16,64
DA:18,17
DA:21,81
DA:22,80
DA:23,1
DA:24,1
DA:27,81
DA:28,70
DA:31,81
DA:32,1
DA:34,81
DA:40,139
DA:41,139
DA:43,139
DA:44,139
DA:45,22
DA:48,23
DA:52,139
DA:53,139
DA:55,139
DA:56,65
DA:57,0
DA:58,0
DA:59,0
DA:62,65
DA:65,65
DA:66,36
DA:68,29
DA:73,74
DA:74,73
DA:75,73
DA:80,139
DA:81,1
DA:84,139
DA:85,138
DA:88,139
DA:92,0
DA:93,0
DA:94,0
DA:100,0
DA:101,0
DA:108,0
DA:109,0
DA:110,0
DA:113,0
DA:114,0
DA:120,0
DA:121,0
DA:122,0
DA:127,3
DA:130,3
LF:56
LH:40
BRDA:4,0,0,0
BRDA:13,1,0,1
BRDA:13,2,0,17
BRDA:13,3,0,11
BRDA:13,4,0,80
BRDA:13,5,0,79
BRDA:13,6,0,79
BRDA:14,7,0,64
BRDA:14,7,1,17
BRDA:15,8,0,64
BRDA:15,8,1,17
BRDA:21,9,0,80
BRDA:21,9,1,1
BRDA:23,10,0,1
BRDA:23,10,1,0
BRDA:27,11,0,70
BRDA:27,11,1,11
BRDA:31,12,0,1
BRDA:31,12,1,80
BRDA:39,13,0,1
BRDA:39,14,0,117
BRDA:39,15,0,118
BRDA:41,16,0,139
BRDA:41,16,1,137
BRDA:41,17,0,136
BRDA:41,17,1,1
BRDA:44,18,0,22
BRDA:44,18,1,117
BRDA:53,19,0,139
BRDA:53,19,1,74
BRDA:55,20,0,65
BRDA:55,20,1,74
BRDA:56,21,0,0
BRDA:56,21,1,65
BRDA:65,22,0,36
BRDA:65,22,1,29
BRDA:65,23,0,65
BRDA:65,23,1,29
BRDA:73,24,0,73
BRDA:73,24,1,1
BRDA:80,25,0,1
BRDA:80,25,1,138
BRDA:84,26,0,138
BRDA:84,26,1,1
BRDA:93,27,0,0
BRDA:93,27,1,0
BRDA:104,28,0,0
BRDA:104,28,1,0
BRDA:105,29,0,0
BRDA:105,29,1,0
BRDA:115,30,0,0
BRDA:115,30,1,0
BRDA:115,30,2,0
BRDA:116,31,0,0
BRDA:116,31,1,0
BRDA:118,32,0,0
BRDA:118,32,1,0
BRF:57
BRH:41
end_of_record
TN:
SF:src/js/components/ui/badge.js
FN:8,slugify
FN:30,createBadge
FN:40,(anonymous_2)
FNF:3
FNH:0
FNDA:0,slugify
FNDA:0,createBadge
FNDA:0,(anonymous_2)
DA:9,0
DA:31,0
DA:32,0
DA:34,0
DA:36,0
DA:37,0
DA:40,0
DA:43,0
DA:44,0
DA:45,0
DA:48,0
DA:49,0
DA:52,0
DA:53,0
DA:56,0
LF:15
LH:0
BRDA:8,0,0,0
BRDA:30,1,0,0
BRDA:30,2,0,0
BRDA:30,3,0,0
BRDA:30,4,0,0
BRDA:32,5,0,0
BRDA:32,5,1,0
BRDA:32,6,0,0
BRDA:32,6,1,0
BRDA:36,7,0,0
BRDA:36,7,1,0
BRDA:43,8,0,0
BRDA:43,8,1,0
BRDA:48,9,0,0
BRDA:48,9,1,0
BRDA:52,10,0,0
BRDA:52,10,1,0
BRF:17
BRH:0
end_of_record
TN:
SF:src/js/components/ui/button.js
FN:19,createButton
FNF:1
FNH:0
FNDA:0,createButton
DA:20,0
DA:22,0
DA:23,0
DA:25,0
DA:28,0
DA:29,0
DA:30,0
DA:31,0
DA:34,0
DA:35,0
DA:38,0
DA:39,0
DA:42,0
LF:13
LH:0
BRDA:19,0,0,0
BRDA:19,1,0,0
BRDA:19,2,0,0
BRDA:19,3,0,0
BRDA:19,4,0,0
BRDA:19,5,0,0
BRDA:19,6,0,0
BRDA:20,7,0,0
BRDA:20,7,1,0
BRDA:22,8,0,0
BRDA:22,8,1,0
BRDA:28,9,0,0
BRDA:28,9,1,0
BRDA:30,10,0,0
BRDA:30,10,1,0
BRDA:34,11,0,0
BRDA:34,11,1,0
BRDA:38,12,0,0
BRDA:38,12,1,0
BRF:19
BRH:0
end_of_record
TN:
SF:src/js/components/ui/index.js
FNF:0
FNH:0
LF:0
LH:0
BRF:0
BRH:0
end_of_record
TN:
SF:src/js/components/ui/init.js
FN:16,transferDataset
FN:17,(anonymous_1)
FN:27,initComponents
FN:28,(anonymous_3)
FN:42,(anonymous_4)
FNF:5
FNH:0
FNDA:0,transferDataset
FNDA:0,(anonymous_1)
FNDA:0,initComponents
FNDA:0,(anonymous_3)
FNDA:0,(anonymous_4)
DA:7,0
DA:8,0
DA:17,0
DA:18,0
DA:19,0
DA:28,0
DA:29,0
DA:37,0
DA:38,0
DA:39,0
DA:42,0
DA:43,0
DA:50,0
DA:51,0
DA:52,0
LF:15
LH:0
BRDA:18,0,0,0
BRDA:18,0,1,0
BRDA:32,1,0,0
BRDA:32,1,1,0
BRDA:33,2,0,0
BRDA:33,2,1,0
BRDA:44,3,0,0
BRDA:44,3,1,0
BRDA:44,3,2,0
BRDA:45,4,0,0
BRDA:45,4,1,0
BRDA:47,5,0,0
BRDA:47,5,1,0
BRF:13
BRH:0
end_of_record
TN:
SF:src/js/config/color-config.js
FNF:0
FNH:0
DA:1,3
LF:1
LH:1
BRF:0
BRH:0
end_of_record
TN:
SF:src/js/config/skills-config.js
FNF:0
FNH:0
DA:1,0
LF:1
LH:0
BRF:0
BRH:0
end_of_record
TN:
SF:src/js/modules/contact-form-validation.js
FN:13,stripTags
FN:28,validateName
FN:55,validateEmail
FN:90,validateMessage
FN:117,sanitizeFormData
FN:129,ContactFormState
FN:135,(anonymous_6)
FN:139,(anonymous_7)
FN:143,(anonymous_8)
FN:147,(anonymous_9)
FN:153,(anonymous_10)
FN:159,(anonymous_11)
FN:164,(anonymous_12)
FN:168,(anonymous_13)
FN:172,(anonymous_14)
FN:185,validateForm
FNF:16
FNH:16
FNDA:95,stripTags
FNDA:19,validateName
FNDA:21,validateEmail
FNDA:13,validateMessage
FNDA:39,sanitizeFormData
FNDA:15,ContactFormState
FNDA:10,(anonymous_6)
FNDA:5,(anonymous_7)
FNDA:1,(anonymous_8)
FNDA:5,(anonymous_9)
FNDA:3,(anonymous_10)
FNDA:1,(anonymous_11)
FNDA:5,(anonymous_12)
FNDA:4,(anonymous_13)
FNDA:2,(anonymous_14)
FNDA:5,validateForm
DA:14,95
DA:16,88
DA:20,88
DA:29,19
DA:30,2
DA:33,17
DA:35,17
DA:36,5
DA:39,12
DA:40,2
DA:43,10
DA:44,1
DA:47,9
DA:56,21
DA:57,0
DA:60,21
DA:62,21
DA:63,2
DA:66,19
DA:67,1
DA:71,18
DA:72,6
DA:77,12
DA:78,12
DA:79,5
DA:82,7
DA:91,13
DA:92,0
DA:95,13
DA:97,13
DA:98,3
DA:101,10
DA:102,2
DA:105,8
DA:106,1
DA:109,7
DA:118,39
DA:130,15
DA:131,15
DA:132,15
DA:134,15
DA:136,10
DA:140,5
DA:144,1
DA:148,5
DA:149,5
DA:150,5
DA:154,3
DA:155,3
DA:156,3
DA:160,1
DA:161,1
DA:165,5
DA:169,4
DA:173,2
DA:174,2
DA:175,2
DA:186,5
DA:188,5
DA:189,5
DA:190,2
DA:193,5
DA:194,5
DA:195,2
DA:198,5
DA:199,5
DA:200,2
DA:203,5
LF:68
LH:66
BRDA:14,0,0,7
BRDA:14,0,1,88
BRDA:29,1,0,2
BRDA:29,1,1,17
BRDA:29,2,0,19
BRDA:29,2,1,18
BRDA:35,3,0,5
BRDA:35,3,1,12
BRDA:39,4,0,2
BRDA:39,4,1,10
BRDA:43,5,0,1
BRDA:43,5,1,9
BRDA:56,6,0,0
BRDA:56,6,1,21
BRDA:56,7,0,21
BRDA:56,7,1,21
BRDA:62,8,0,2
BRDA:62,8,1,19
BRDA:66,9,0,1
BRDA:66,9,1,18
BRDA:71,10,0,6
BRDA:71,10,1,12
BRDA:78,11,0,5
BRDA:78,11,1,7
BRDA:91,12,0,0
BRDA:91,12,1,13
BRDA:91,13,0,13
BRDA:91,13,1,13
BRDA:97,14,0,3
BRDA:97,14,1,10
BRDA:101,15,0,2
BRDA:101,15,1,8
BRDA:105,16,0,1
BRDA:105,16,1,7
BRDA:119,17,0,39
BRDA:119,17,1,2
BRDA:120,18,0,39
BRDA:120,18,1,1
BRDA:121,19,0,39
BRDA:121,19,1,2
BRDA:189,20,0,2
BRDA:189,20,1,3
BRDA:194,21,0,2
BRDA:194,21,1,3
BRDA:199,22,0,2
BRDA:199,22,1,3
BRF:46
BRH:44
end_of_record
TN:
SF:src/js/modules/contact-form.js
FN:1,(anonymous_0)
FN:20,pickLabel
FN:35,ContactFormView
FN:40,(anonymous_3)
FN:50,(anonymous_4)
FN:53,(anonymous_5)
FN:65,(anonymous_6)
FN:73,(anonymous_7)
FN:82,(anonymous_8)
FN:95,(anonymous_9)
FN:97,(anonymous_10)
FN:98,(anonymous_11)
FN:105,initContactForm
FN:111,(anonymous_13)
FN:120,(anonymous_14)
FN:123,(anonymous_15)
FN:127,(anonymous_16)
FNF:17
FNH:0
FNDA:0,(anonymous_0)
FNDA:0,pickLabel
FNDA:0,ContactFormView
FNDA:0,(anonymous_3)
FNDA:0,(anonymous_4)
FNDA:0,(anonymous_5)
FNDA:0,(anonymous_6)
FNDA:0,(anonymous_7)
FNDA:0,(anonymous_8)
FNDA:0,(anonymous_9)
FNDA:0,(anonymous_10)
FNDA:0,(anonymous_11)
FNDA:0,initContactForm
FNDA:0,(anonymous_13)
FNDA:0,(anonymous_14)
FNDA:0,(anonymous_15)
FNDA:0,(anonymous_16)
DA:1,0
DA:2,0
DA:8,0
DA:14,0
DA:21,0
DA:22,0
DA:23,0
DA:25,0
DA:27,0
DA:29,0
DA:31,0
DA:36,0
DA:37,0
DA:38,0
DA:40,0
DA:41,0
DA:42,0
DA:43,0
DA:44,0
DA:45,0
DA:49,0
DA:51,0
DA:54,0
DA:55,0
DA:56,0
DA:57,0
DA:59,0
DA:60,0
DA:61,0
DA:62,0
DA:66,0
DA:67,0
DA:68,0
DA:69,0
DA:70,0
DA:71,0
DA:74,0
DA:75,0
DA:76,0
DA:77,0
DA:78,0
DA:80,0
DA:83,0
DA:84,0
DA:85,0
DA:86,0
DA:87,0
DA:89,0
DA:94,0
DA:97,0
DA:98,0
DA:99,0
DA:106,0
DA:107,0
DA:109,0
DA:111,0
DA:112,0
DA:113,0
DA:114,0
DA:116,0
DA:117,0
DA:119,0
DA:121,0
DA:122,0
DA:123,0
DA:124,0
DA:128,0
DA:133,0
DA:134,0
LF:69
LH:0
BRDA:21,0,0,0
BRDA:21,0,1,0
BRDA:23,1,0,0
BRDA:23,1,1,0
BRDA:23,1,2,0
BRDA:23,1,3,0
BRDA:25,2,0,0
BRDA:25,2,1,0
BRDA:27,3,0,0
BRDA:27,3,1,0
BRDA:29,4,0,0
BRDA:29,4,1,0
BRDA:38,5,0,0
BRDA:38,5,1,0
BRDA:41,6,0,0
BRDA:41,6,1,0
BRDA:44,7,0,0
BRDA:44,7,1,0
BRDA:55,8,0,0
BRDA:55,8,1,0
BRDA:59,9,0,0
BRDA:59,9,1,0
BRDA:66,10,0,0
BRDA:66,10,1,0
BRDA:74,11,0,0
BRDA:74,11,1,0
BRDA:83,12,0,0
BRDA:83,12,1,0
BRDA:107,13,0,0
BRDA:107,13,1,0
BRDA:114,14,0,0
BRDA:114,14,1,0
BRDA:133,15,0,0
BRDA:133,15,1,0
BRF:34
BRH:0
end_of_record
TN:
SF:src/js/modules/scroll-reveal.js
FN:1,(anonymous_0)
FN:6,initScrollReveal
FN:13,(anonymous_2)
FN:21,(anonymous_3)
FN:22,(anonymous_4)
FN:33,(anonymous_5)
FNF:6
FNH:0
FNDA:0,(anonymous_0)
FNDA:0,initScrollReveal
FNDA:0,(anonymous_2)
FNDA:0,(anonymous_3)
FNDA:0,(anonymous_4)
FNDA:0,(anonymous_5)
DA:1,0
DA:2,0
DA:3,0
DA:4,0
DA:7,0
DA:8,0
DA:10,0
DA:11,0
DA:12,0
DA:13,0
DA:14,0
DA:15,0
DA:17,0
DA:20,0
DA:22,0
DA:23,0
DA:24,0
DA:25,0
DA:26,0
DA:33,0
DA:34,0
DA:35,0
DA:36,0
DA:37,0
DA:39,0
DA:40,0
DA:44,0
DA:45,0
DA:46,0
DA:49,0
DA:51,0
DA:52,0
DA:53,0
DA:54,0
DA:59,0
DA:60,0
LF:36
LH:0
BRDA:8,0,0,0
BRDA:8,0,1,0
BRDA:11,1,0,0
BRDA:11,1,1,0
BRDA:12,2,0,0
BRDA:12,2,1,0
BRDA:12,3,0,0
BRDA:12,3,1,0
BRDA:23,4,0,0
BRDA:23,4,1,0
BRDA:35,5,0,0
BRDA:35,5,1,0
BRDA:36,6,0,0
BRDA:36,6,1,0
BRDA:37,7,0,0
BRDA:37,7,1,0
BRDA:37,7,2,0
BRDA:37,7,3,0
BRDA:39,8,0,0
BRDA:39,8,1,0
BRDA:44,9,0,0
BRDA:44,9,1,0
BRDA:45,10,0,0
BRDA:45,10,1,0
BRDA:51,11,0,0
BRDA:51,11,1,0
BRDA:59,12,0,0
BRDA:59,12,1,0
BRF:28
BRH:0
end_of_record
TN:
SF:src/js/modules/terminal-typing.js
FN:1,(anonymous_0)
FN:19,parseConfig
FN:36,createLineElement
FN:42,createCursor
FN:49,typeText
FN:50,(anonymous_5)
FN:52,tick
FN:64,runSequence
FN:74,(anonymous_8)
FN:79,initTerminalTyping
FN:88,(anonymous_10)
FNF:11
FNH:0
FNDA:0,(anonymous_0)
FNDA:0,parseConfig
FNDA:0,createLineElement
FNDA:0,createCursor
FNDA:0,typeText
FNDA:0,(anonymous_5)
FNDA:0,tick
FNDA:0,runSequence
FNDA:0,(anonymous_8)
FNDA:0,initTerminalTyping
FNDA:0,(anonymous_10)
DA:1,0
DA:2,0
DA:8,0
DA:20,0
DA:21,0
DA:23,0
DA:24,0
DA:25,0
DA:31,0
DA:32,0
DA:37,0
DA:38,0
DA:39,0
DA:43,0
DA:44,0
DA:45,0
DA:46,0
DA:50,0
DA:51,0
DA:53,0
DA:54,0
DA:55,0
DA:57,0
DA:60,0
DA:65,0
DA:66,0
DA:67,0
DA:68,0
DA:70,0
DA:71,0
DA:73,0
DA:74,0
DA:75,0
DA:80,0
DA:81,0
DA:83,0
DA:84,0
DA:86,0
DA:88,0
DA:89,0
DA:93,0
DA:94,0
LF:42
LH:0
BRDA:21,0,0,0
BRDA:21,0,1,0
BRDA:28,1,0,0
BRDA:28,1,1,0
BRDA:53,2,0,0
BRDA:53,2,1,0
BRDA:73,3,0,0
BRDA:73,3,1,0
BRDA:81,4,0,0
BRDA:81,4,1,0
BRDA:84,5,0,0
BRDA:84,5,1,0
BRDA:93,6,0,0
BRDA:93,6,1,0
BRF:14
BRH:0
end_of_record
TN:
SF:src/js/renderers/features-renderer.js
FN:3,renderFeatures
FN:7,(anonymous_1)
FNF:2
FNH:0
FNDA:0,renderFeatures
FNDA:0,(anonymous_1)
DA:4,0
DA:5,0
DA:7,0
DA:24,0
DA:25,0
DA:27,0
LF:6
LH:0
BRDA:5,0,0,0
BRDA:5,0,1,0
BRDA:24,1,0,0
BRDA:24,1,1,0
BRF:4
BRH:0
end_of_record
TN:
SF:src/js/renderers/skills-renderer.js
FN:5,renderSkills
FN:16,(anonymous_1)
FN:24,(anonymous_2)
FNF:3
FNH:0
FNDA:0,renderSkills
FNDA:0,(anonymous_1)
FNDA:0,(anonymous_2)
DA:7,0
DA:15,0
DA:16,0
DA:17,0
DA:20,0
DA:21,0
DA:23,0
DA:25,0
DA:27,0
DA:28,0
DA:34,0
DA:35,0
DA:36,0
DA:43,0
DA:44,0
DA:45,0
DA:51,0
DA:53,0
DA:80,0
DA:81,0
DA:83,0
LF:21
LH:0
BRDA:17,0,0,0
BRDA:17,0,1,0
BRDA:21,1,0,0
BRDA:21,1,1,0
BRDA:25,2,0,0
BRDA:25,2,1,0
BRDA:27,3,0,0
BRDA:27,3,1,0
BRDA:28,4,0,0
BRDA:28,4,1,0
BRDA:35,5,0,0
BRDA:35,5,1,0
BRDA:44,6,0,0
BRDA:44,6,1,0
BRDA:51,7,0,0
BRDA:51,7,1,0
BRDA:71,8,0,0
BRDA:71,8,1,0
BRDA:80,9,0,0
BRDA:80,9,1,0
BRF:20
BRH:0
end_of_record
TN:
SF:src/js/services/project-service.js
FN:4,(anonymous_0)
FNF:1
FNH:1
FNDA:19,(anonymous_0)
DA:3,2
DA:5,19
LF:2
LH:2
BRF:0
BRH:0
end_of_record
TN:
SF:src/js/state/filter-state.js
FN:1,createFilterState
FN:8,(anonymous_1)
FN:17,(anonymous_2)
FN:21,(anonymous_3)
FN:27,(anonymous_4)
FN:33,(anonymous_5)
FN:37,(anonymous_6)
FN:39,(anonymous_7)
FN:43,(anonymous_8)
FNF:9
FNH:9
FNDA:57,createFilterState
FNDA:18,(anonymous_1)
FNDA:33,(anonymous_2)
FNDA:2,(anonymous_3)
FNDA:9,(anonymous_4)
FNDA:15,(anonymous_5)
FNDA:113,(anonymous_6)
FNDA:110,(anonymous_7)
FNDA:5,(anonymous_8)
DA:2,57
DA:7,57
DA:9,18
DA:10,18
DA:11,17
DA:12,3
DA:14,14
DA:18,33
DA:19,33
DA:22,2
DA:23,1
DA:25,1
DA:28,9
DA:34,15
DA:35,2
DA:37,13
DA:38,113
DA:39,113
DA:40,113
DA:44,5
LF:20
LH:20
BRDA:1,0,0,37
BRDA:10,1,0,1
BRDA:10,1,1,17
BRDA:11,2,0,3
BRDA:11,2,1,14
BRDA:19,3,0,32
BRDA:19,3,1,1
BRDA:22,4,0,1
BRDA:22,4,1,1
BRDA:22,5,0,2
BRDA:22,5,1,1
BRDA:34,6,0,2
BRDA:34,6,1,13
BRDA:34,7,0,15
BRDA:34,7,1,4
BRDA:38,8,0,113
BRDA:38,8,1,44
BRDA:39,9,0,113
BRDA:39,9,1,91
BRDA:40,10,0,113
BRDA:40,10,1,75
BRDA:44,11,0,5
BRDA:44,11,1,3
BRF:23
BRH:23
end_of_record
TN:
SF:src/js/utils/sanitize.js
FN:19,escapeHtml
FN:37,(anonymous_1)
FN:51,stripTags
FN:82,sanitizeForUrl
FN:118,sanitizeText
FNF:5
FNH:5
FNDA:98,escapeHtml
FNDA:284,(anonymous_1)
FNDA:88,stripTags
FNDA:16,sanitizeForUrl
FNDA:49,sanitizeText
DA:20,98
DA:21,4
DA:25,94
DA:28,94
DA:37,284
DA:52,88
DA:53,4
DA:56,84
DA:59,84
DA:60,84
DA:63,84
DA:65,84
DA:83,16
DA:84,2
DA:87,14
DA:90,14
DA:91,14
DA:93,14
DA:94,30
DA:95,7
DA:101,7
DA:119,49
DA:120,4
DA:124,45
DA:128,2
LF:25
LH:25
BRDA:20,0,0,4
BRDA:20,0,1,94
BRDA:20,1,0,98
BRDA:20,1,1,96
BRDA:52,2,0,4
BRDA:52,2,1,84
BRDA:52,3,0,88
BRDA:52,3,1,86
BRDA:83,4,0,2
BRDA:83,4,1,14
BRDA:83,5,0,16
BRDA:83,5,1,15
BRDA:94,6,0,7
BRDA:94,6,1,23
BRDA:119,7,0,4
BRDA:119,7,1,45
BRDA:119,8,0,49
BRDA:119,8,1,47
BRF:18
BRH:18
end_of_record
TN:
SF:src/js/views/filter-view.js
FN:3,FilterView
FN:4,(anonymous_1)
FN:17,(anonymous_2)
FN:19,(anonymous_3)
FNF:4
FNH:4
FNDA:16,FilterView
FNDA:5,(anonymous_1)
FNDA:16,(anonymous_2)
FNDA:20,(anonymous_3)
DA:4,16
DA:5,5
DA:6,5
DA:7,4
DA:8,4
DA:10,4
DA:11,4
DA:14,16
DA:16,16
DA:18,16
DA:19,16
DA:20,20
DA:25,20
DA:26,20
DA:27,20
DA:28,20
DA:29,20
DA:30,20
DA:31,20
LF:19
LH:19
BRDA:6,0,0,1
BRDA:6,0,1,4
BRDA:10,1,0,3
BRDA:10,1,1,1
BRDA:30,2,0,2
BRDA:30,2,1,18
BRF:6
BRH:6
end_of_record
TN:
SF:src/js/views/results-view.js
FN:6,ResultsView
FN:11,updateResultsCount
FN:20,renderPagination
FN:25,(anonymous_3)
FN:35,(anonymous_4)
FN:39,(anonymous_5)
FN:51,renderEmptyState
FN:61,renderProjects
FN:69,(anonymous_8)
FN:104,(anonymous_9)
FN:114,(anonymous_10)
FN:120,renderPage
FN:128,(anonymous_12)
FN:135,(anonymous_13)
FN:139,(anonymous_14)
FNF:15
FNH:12
FNDA:22,ResultsView
FNDA:24,updateResultsCount
FNDA:20,renderPagination
FNDA:6,(anonymous_3)
FNDA:0,(anonymous_4)
FNDA:0,(anonymous_5)
FNDA:4,renderEmptyState
FNDA:20,renderProjects
FNDA:63,(anonymous_8)
FNDA:106,(anonymous_9)
FNDA:0,(anonymous_10)
FNDA:20,renderPage
FNDA:19,(anonymous_12)
FNDA:1,(anonymous_13)
FNDA:4,(anonymous_14)
DA:4,1
DA:7,22
DA:8,22
DA:9,22
DA:12,24
DA:13,24
DA:14,4
DA:16,20
DA:21,20
DA:22,20
DA:23,20
DA:25,3
DA:26,6
DA:27,6
DA:28,6
DA:29,6
DA:30,3
DA:32,6
DA:35,3
DA:36,0
DA:37,0
DA:39,3
DA:40,0
DA:41,0
DA:44,3
DA:45,3
DA:46,3
DA:48,3
DA:52,4
DA:53,4
DA:54,4
DA:58,4
DA:62,20
DA:63,20
DA:64,0
DA:65,0
DA:66,0
DA:69,20
DA:70,63
DA:71,63
DA:72,63
DA:75,63
DA:76,63
DA:77,63
DA:80,63
DA:103,63
DA:104,63
DA:105,106
DA:106,106
DA:109,63
DA:110,63
DA:111,63
DA:113,63
DA:114,63
DA:115,0
DA:121,20
DA:122,20
DA:123,20
DA:124,20
DA:127,22
DA:129,19
DA:130,19
DA:131,19
DA:132,19
DA:133,19
DA:136,1
DA:137,1
DA:140,4
DA:141,4
DA:142,4
DA:143,4
DA:144,4
DA:145,4
LF:73
LH:65
BRDA:12,0,0,0
BRDA:12,0,1,24
BRDA:13,1,0,4
BRDA:13,1,1,20
BRDA:16,2,0,3
BRDA:16,2,1,17
BRDA:23,3,0,17
BRDA:23,3,1,3
BRDA:29,4,0,3
BRDA:29,4,1,3
BRDA:55,5,0,1
BRDA:55,5,1,3
BRDA:63,6,0,0
BRDA:63,6,1,20
BRDA:76,7,0,63
BRDA:76,7,1,63
BRDA:77,8,0,0
BRDA:77,8,1,63
BRF:18
BRH:15
end_of_record
TN:
SF:src/projects/api/image_search/script.js
FN:16,setStatus
FN:22,renderLoadingPlaceholders
FN:33,buildSearchUrl
FN:52,searchImages
FN:88,(anonymous_4)
FN:156,(anonymous_5)
FN:162,(anonymous_6)
FN:163,(anonymous_7)
FN:169,(anonymous_8)
FNF:9
FNH:0
FNDA:0,setStatus
FNDA:0,renderLoadingPlaceholders
FNDA:0,buildSearchUrl
FNDA:0,searchImages
FNDA:0,(anonymous_4)
FNDA:0,(anonymous_5)
FNDA:0,(anonymous_6)
FNDA:0,(anonymous_7)
FNDA:0,(anonymous_8)
DA:1,0
DA:3,0
DA:4,0
DA:5,0
DA:6,0
DA:7,0
DA:8,0
DA:9,0
DA:10,0
DA:12,0
DA:13,0
DA:14,0
DA:17,0
DA:18,0
DA:19,0
DA:23,0
DA:24,0
DA:25,0
DA:26,0
DA:27,0
DA:28,0
DA:30,0
DA:34,0
DA:40,0
DA:41,0
DA:42,0
DA:46,0
DA:47,0
DA:49,0
DA:53,0
DA:54,0
DA:55,0
DA:56,0
DA:57,0
DA:58,0
DA:60,0
DA:62,0
DA:63,0
DA:64,0
DA:65,0
DA:66,0
DA:69,0
DA:70,0
DA:71,0
DA:72,0
DA:73,0
DA:75,0
DA:76,0
DA:79,0
DA:81,0
DA:82,0
DA:83,0
DA:84,0
DA:85,0
DA:88,0
DA:89,0
DA:90,0
DA:91,0
DA:92,0
DA:93,0
DA:94,0
DA:95,0
DA:96,0
DA:98,0
DA:99,0
DA:100,0
DA:101,0
DA:102,0
DA:103,0
DA:105,0
DA:106,0
DA:107,0
DA:108,0
DA:109,0
DA:110,0
DA:111,0
DA:113,0
DA:114,0
DA:115,0
DA:116,0
DA:117,0
DA:118,0
DA:119,0
DA:120,0
DA:122,0
DA:123,0
DA:124,0
DA:125,0
DA:126,0
DA:127,0
DA:129,0
DA:131,0
DA:132,0
DA:133,0
DA:135,0
DA:136,0
DA:137,0
DA:138,0
DA:139,0
DA:142,0
DA:143,0
DA:144,0
DA:146,0
DA:147,0
DA:148,0
DA:149,0
DA:151,0
DA:152,0
DA:156,0
DA:157,0
DA:158,0
DA:159,0
DA:162,0
DA:163,0
DA:164,0
DA:165,0
DA:169,0
DA:170,0
DA:171,0
LF:119
LH:0
BRDA:16,0,0,0
BRDA:22,1,0,0
BRDA:37,2,0,0
BRDA:37,2,1,0
BRDA:40,3,0,0
BRDA:40,3,1,0
BRDA:41,4,0,0
BRDA:41,4,1,0
BRDA:42,5,0,0
BRDA:42,5,1,0
BRDA:46,6,0,0
BRDA:46,6,1,0
BRDA:47,7,0,0
BRDA:47,7,1,0
BRDA:54,8,0,0
BRDA:54,8,1,0
BRDA:60,9,0,0
BRDA:60,9,1,0
BRDA:65,10,0,0
BRDA:65,10,1,0
BRDA:66,11,0,0
BRDA:66,11,1,0
BRDA:72,12,0,0
BRDA:72,12,1,0
BRDA:75,13,0,0
BRDA:75,13,1,0
BRDA:79,14,0,0
BRDA:79,14,1,0
BRDA:81,15,0,0
BRDA:81,15,1,0
BRDA:91,16,0,0
BRDA:91,16,1,0
BRDA:99,17,0,0
BRDA:99,17,1,0
BRDA:102,18,0,0
BRDA:102,18,1,0
BRDA:108,19,0,0
BRDA:108,19,1,0
BRDA:110,20,0,0
BRDA:110,20,1,0
BRDA:110,21,0,0
BRDA:110,21,1,0
BRDA:110,22,0,0
BRDA:110,22,1,0
BRDA:142,23,0,0
BRDA:142,23,1,0
BRDA:143,24,0,0
BRDA:143,24,1,0
BRDA:144,25,0,0
BRDA:144,25,1,0
BRF:50
BRH:0
end_of_record
